<?xml version="1.0" encoding="UTF-8"?>
<coverage generated="1546938928457" clover="3.2.0">
  <project timestamp="1546938928457" name="All files">
    <metrics statements="50" coveredstatements="48" conditionals="13" coveredconditionals="12" methods="18" coveredmethods="16" elements="81" coveredelements="76" complexity="0" loc="50" ncloc="50" packages="2" files="3" classes="3">
      <package name="components">
        <metrics statements="46" coveredstatements="44" conditionals="10" coveredconditionals="9" methods="16" coveredmethods="14"/>
        <file name="Shortcuts.tsx" path="/Users/paulcowan/projects/cuttingedge/packages/react-key-mapper/src/components/Shortcuts.tsx">
          <metrics statements="33" coveredstatements="31" conditionals="6" coveredconditionals="5" methods="11" coveredmethods="9"/>
          <line num="1" count="2" type="stmt"/>
          <line num="2" count="2" type="stmt"/>
          <line num="3" count="2" type="stmt"/>
          <line num="20" count="2" type="stmt"/>
          <line num="22" count="4" type="cond" truecount="2" falsecount="0"/>
          <line num="24" count="4" type="stmt"/>
          <line num="29" count="4" type="stmt"/>
          <line num="30" count="4" type="stmt"/>
          <line num="32" count="4" type="stmt"/>
          <line num="34" count="4" type="cond" truecount="2" falsecount="0"/>
          <line num="35" count="2" type="stmt"/>
          <line num="38" count="2" type="stmt"/>
          <line num="40" count="2" type="stmt"/>
          <line num="42" count="2" type="stmt"/>
          <line num="45" count="4" type="stmt"/>
          <line num="46" count="4" type="stmt"/>
          <line num="48" count="4" type="stmt"/>
          <line num="50" count="4" type="stmt"/>
          <line num="51" count="4" type="stmt"/>
          <line num="54" count="4" type="stmt"/>
          <line num="57" count="4" type="stmt"/>
          <line num="58" count="4" type="stmt"/>
          <line num="61" count="2" type="stmt"/>
          <line num="62" count="4" type="stmt"/>
          <line num="65" count="2" type="stmt"/>
          <line num="66" count="4" type="cond" truecount="1" falsecount="1"/>
          <line num="67" count="4" type="stmt"/>
          <line num="70" count="0" type="stmt"/>
          <line num="73" count="2" type="stmt"/>
          <line num="74" count="0" type="stmt"/>
          <line num="77" count="2" type="stmt"/>
          <line num="78" count="8" type="stmt"/>
          <line num="80" count="2" type="stmt"/>
        </file>
        <file name="withShortcuts.tsx" path="/Users/paulcowan/projects/cuttingedge/packages/react-key-mapper/src/components/withShortcuts.tsx">
          <metrics statements="13" coveredstatements="13" conditionals="4" coveredconditionals="4" methods="5" coveredmethods="5"/>
          <line num="1" count="1" type="stmt"/>
          <line num="2" count="1" type="stmt"/>
          <line num="3" count="1" type="stmt"/>
          <line num="4" count="1" type="stmt"/>
          <line num="6" count="1" type="stmt"/>
          <line num="7" count="2" type="stmt"/>
          <line num="8" count="2" type="stmt"/>
          <line num="11" count="2" type="cond" truecount="2" falsecount="0"/>
          <line num="13" count="2" type="stmt"/>
          <line num="16" count="2" type="stmt"/>
          <line num="17" count="2" type="stmt"/>
          <line num="23" count="2" type="stmt"/>
          <line num="25" count="2" type="stmt"/>
        </file>
      </package>
      <package name="utils">
        <metrics statements="4" coveredstatements="4" conditionals="3" coveredconditionals="3" methods="2" coveredmethods="2"/>
        <file name="index.ts" path="/Users/paulcowan/projects/cuttingedge/packages/react-key-mapper/src/utils/index.ts">
          <metrics statements="4" coveredstatements="4" conditionals="3" coveredconditionals="3" methods="2" coveredmethods="2"/>
          <line num="4" count="2" type="stmt"/>
          <line num="5" count="2" type="cond" truecount="3" falsecount="0"/>
          <line num="8" count="2" type="stmt"/>
          <line num="9" count="4" type="stmt"/>
        </file>
      </package>
    </metrics>
  </project>
</coverage>
