{"/Users/paulcowan/projects/cuttingedge/packages/react-key-mapper/src/components/Shortcuts.tsx": {"path":"/Users/paulcowan/projects/cuttingedge/packages/react-key-mapper/src/components/Shortcuts.tsx","statementMap":{"0":{"start":{"line":1,"column":0},"end":{"line":1,"column":25}},"1":{"start":{"line":2,"column":0},"end":{"line":2,"column":33}},"2":{"start":{"line":3,"column":0},"end":{"line":3,"column":42}},"3":{"start":{"line":20,"column":0},"end":{"line":20,"column":50}},"4":{"start":{"line":20,"column":31},"end":{"line":20,"column":82}},"5":{"start":{"line":22,"column":4},"end":{"line":22,"column":16}},"6":{"start":{"line":29,"column":2},"end":{"line":43,"column":4}},"7":{"start":{"line":30,"column":10},"end":{"line":30,"column":52}},"8":{"start":{"line":30,"column":12},"end":{"line":30,"column":27}},"9":{"start":{"line":30,"column":29},"end":{"line":30,"column":52}},"10":{"start":{"line":32,"column":22},"end":{"line":32,"column":51}},"11":{"start":{"line":34,"column":4},"end":{"line":36,"column":5}},"12":{"start":{"line":35,"column":6},"end":{"line":35,"column":46}},"13":{"start":{"line":38,"column":16},"end":{"line":38,"column":29}},"14":{"start":{"line":40,"column":21},"end":{"line":40,"column":32}},"15":{"start":{"line":42,"column":4},"end":{"line":42,"column":54}},"16":{"start":{"line":45,"column":2},"end":{"line":55,"column":4}},"17":{"start":{"line":46,"column":4},"end":{"line":46,"column":26}},"18":{"start":{"line":48,"column":22},"end":{"line":48,"column":44}},"19":{"start":{"line":50,"column":4},"end":{"line":52,"column":7}},"20":{"start":{"line":51,"column":6},"end":{"line":51,"column":60}},"21":{"start":{"line":54,"column":4},"end":{"line":54,"column":33}},"22":{"start":{"line":57,"column":2},"end":{"line":59,"column":4}},"23":{"start":{"line":58,"column":4},"end":{"line":58,"column":87}},"24":{"start":{"line":58,"column":47},"end":{"line":58,"column":85}},"25":{"start":{"line":24,"column":4},"end":{"line":26,"column":6}},"26":{"start":{"line":61,"column":2},"end":{"line":63,"column":3}},"27":{"start":{"line":62,"column":4},"end":{"line":62,"column":26}},"28":{"start":{"line":65,"column":2},"end":{"line":71,"column":3}},"29":{"start":{"line":66,"column":4},"end":{"line":68,"column":5}},"30":{"start":{"line":67,"column":6},"end":{"line":67,"column":13}},"31":{"start":{"line":70,"column":4},"end":{"line":70,"column":26}},"32":{"start":{"line":73,"column":2},"end":{"line":75,"column":3}},"33":{"start":{"line":74,"column":4},"end":{"line":74,"column":26}},"34":{"start":{"line":77,"column":2},"end":{"line":79,"column":3}},"35":{"start":{"line":78,"column":4},"end":{"line":78,"column":31}},"36":{"start":{"line":80,"column":0},"end":{"line":80,"column":1}},"37":{"start":{"line":20,"column":13},"end":{"line":20,"column":22}}},"fnMap":{"0":{"name":"(anonymous_7)","decl":{"start":{"line":20,"column":0},"end":{"line":null,"column":-1}},"loc":{"start":{"line":20,"column":0},"end":{"line":20,"column":-1}}},"1":{"name":"Shortcuts","decl":{"start":{"line":21,"column":2},"end":{"line":21,"column":13}},"loc":{"start":{"line":21,"column":35},"end":{"line":27,"column":3}}},"2":{"name":"(anonymous_9)","decl":{"start":{"line":29,"column":20},"end":{"line":null,"column":-1}},"loc":{"start":{"line":29,"column":20},"end":{"line":43,"column":3}}},"3":{"name":"(anonymous_10)","decl":{"start":{"line":45,"column":19},"end":{"line":null,"column":-1}},"loc":{"start":{"line":45,"column":19},"end":{"line":55,"column":3}}},"4":{"name":"(anonymous_11)","decl":{"start":{"line":50,"column":22},"end":{"line":50,"column":22}},"loc":{"start":{"line":50,"column":41},"end":{"line":52,"column":5}}},"5":{"name":"(anonymous_12)","decl":{"start":{"line":57,"column":19},"end":{"line":null,"column":-1}},"loc":{"start":{"line":57,"column":19},"end":{"line":59,"column":3}}},"6":{"name":"(anonymous_13)","decl":{"start":{"line":58,"column":33},"end":{"line":58,"column":33}},"loc":{"start":{"line":58,"column":42},"end":{"line":58,"column":85}}},"7":{"name":"(anonymous_14)","decl":{"start":{"line":61,"column":2},"end":{"line":null,"column":-1}},"loc":{"start":{"line":61,"column":2},"end":{"line":63,"column":3}}},"8":{"name":"(anonymous_15)","decl":{"start":{"line":65,"column":2},"end":{"line":65,"column":20}},"loc":{"start":{"line":65,"column":73},"end":{"line":71,"column":3}}},"9":{"name":"(anonymous_16)","decl":{"start":{"line":73,"column":2},"end":{"line":null,"column":-1}},"loc":{"start":{"line":73,"column":2},"end":{"line":75,"column":3}}},"10":{"name":"(anonymous_17)","decl":{"start":{"line":77,"column":2},"end":{"line":null,"column":-1}},"loc":{"start":{"line":77,"column":2},"end":{"line":79,"column":3}}}},"branchMap":{"0":{"loc":{"start":{"line":22,"column":4},"end":{"line":22,"column":16}},"type":"binary-expr","locations":[{"start":{"line":22,"column":4},"end":{"line":22,"column":16}},{"start":{"line":22,"column":16},"end":{"line":27,"column":2}}]},"1":{"loc":{"start":{"line":34,"column":4},"end":{"line":36,"column":5}},"type":"if","locations":[{"start":{"line":34,"column":4},"end":{"line":36,"column":5}},{"start":{"line":34,"column":4},"end":{"line":36,"column":5}}]},"2":{"loc":{"start":{"line":66,"column":4},"end":{"line":68,"column":5}},"type":"if","locations":[{"start":{"line":66,"column":4},"end":{"line":68,"column":5}},{"start":{"line":66,"column":4},"end":{"line":68,"column":5}}]}},"s":{"0":2,"1":2,"2":2,"3":2,"4":2,"5":4,"6":4,"7":4,"8":4,"9":4,"10":4,"11":4,"12":2,"13":2,"14":2,"15":2,"16":4,"17":4,"18":4,"19":4,"20":4,"21":4,"22":4,"23":4,"24":0,"25":4,"26":2,"27":4,"28":2,"29":4,"30":4,"31":0,"32":2,"33":0,"34":2,"35":8,"36":2,"37":2},"f":{"0":2,"1":4,"2":4,"3":4,"4":4,"5":4,"6":0,"7":4,"8":4,"9":0,"10":8},"b":{"0":[4,4],"1":[2,2],"2":[4,0]}}
,"/Users/paulcowan/projects/cuttingedge/packages/react-key-mapper/src/components/withShortcuts.tsx": {"path":"/Users/paulcowan/projects/cuttingedge/packages/react-key-mapper/src/components/withShortcuts.tsx","statementMap":{"0":{"start":{"line":1,"column":0},"end":{"line":1,"column":25}},"1":{"start":{"line":2,"column":0},"end":{"line":2,"column":56}},"2":{"start":{"line":3,"column":0},"end":{"line":3,"column":43}},"3":{"start":{"line":4,"column":21},"end":{"line":4,"column":55}},"4":{"start":{"line":6,"column":13},"end":{"line":27,"column":2}},"5":{"start":{"line":7,"column":2},"end":{"line":26,"column":4}},"6":{"start":{"line":8,"column":4},"end":{"line":8,"column":50}},"7":{"start":{"line":8,"column":35},"end":{"line":8,"column":53}},"8":{"start":{"line":11,"column":8},"end":{"line":11,"column":20}},"9":{"start":{"line":13,"column":8},"end":{"line":13,"column":37}},"10":{"start":{"line":16,"column":6},"end":{"line":22,"column":7}},"11":{"start":{"line":17,"column":8},"end":{"line":21,"column":10}},"12":{"start":{"line":23,"column":4},"end":{"line":23,"column":5}},"13":{"start":{"line":25,"column":4},"end":{"line":25,"column":53}}},"fnMap":{"0":{"name":"(anonymous_9)","decl":{"start":{"line":6,"column":29},"end":{"line":6,"column":40}},"loc":{"start":{"line":6,"column":73},"end":{"line":27,"column":1}}},"1":{"name":"(anonymous_10)","decl":{"start":{"line":7,"column":9},"end":{"line":7,"column":9}},"loc":{"start":{"line":7,"column":71},"end":{"line":26,"column":3}}},"2":{"name":"(anonymous_11)","decl":{"start":{"line":8,"column":4},"end":{"line":null,"column":-1}},"loc":{"start":{"line":8,"column":4},"end":{"line":8,"column":3}}},"3":{"name":"WrappedShortcuts","decl":{"start":{"line":10,"column":6},"end":{"line":10,"column":17}},"loc":{"start":{"line":10,"column":26},"end":{"line":14,"column":7}}},"4":{"name":"(anonymous_13)","decl":{"start":{"line":16,"column":6},"end":{"line":null,"column":-1}},"loc":{"start":{"line":16,"column":6},"end":{"line":22,"column":7}}}},"branchMap":{"0":{"loc":{"start":{"line":11,"column":8},"end":{"line":11,"column":20}},"type":"binary-expr","locations":[{"start":{"line":11,"column":8},"end":{"line":11,"column":20}},{"start":{"line":11,"column":20},"end":{"line":14,"column":6}}]},"1":{"loc":{"start":{"line":19,"column":43},"end":{"line":19,"column":87}},"type":"cond-expr","locations":[{"start":{"line":19,"column":43},"end":{"line":19,"column":87}},{"start":{"line":19,"column":90},"end":{"line":19,"column":119}}]}},"s":{"0":1,"1":1,"2":1,"3":1,"4":1,"5":2,"6":2,"7":2,"8":2,"9":2,"10":2,"11":2,"12":2,"13":2},"f":{"0":2,"1":2,"2":2,"3":2,"4":2},"b":{"0":[2,2],"1":[1,1]}}
,"/Users/paulcowan/projects/cuttingedge/packages/react-key-mapper/src/utils/index.ts": {"path":"/Users/paulcowan/projects/cuttingedge/packages/react-key-mapper/src/utils/index.ts","statementMap":{"0":{"start":{"line":4,"column":13},"end":{"line":6,"column":2}},"1":{"start":{"line":5,"column":2},"end":{"line":5,"column":86}},"2":{"start":{"line":8,"column":13},"end":{"line":10,"column":2}},"3":{"start":{"line":9,"column":2},"end":{"line":9,"column":34}}},"fnMap":{"0":{"name":"(anonymous_0)","decl":{"start":{"line":4,"column":32},"end":{"line":4,"column":35}},"loc":{"start":{"line":4,"column":64},"end":{"line":6,"column":1}}},"1":{"name":"(anonymous_1)","decl":{"start":{"line":8,"column":31},"end":{"line":8,"column":42}},"loc":{"start":{"line":8,"column":88},"end":{"line":10,"column":1}}}},"branchMap":{"0":{"loc":{"start":{"line":5,"column":9},"end":{"line":5,"column":23}},"type":"binary-expr","locations":[{"start":{"line":5,"column":9},"end":{"line":5,"column":23}},{"start":{"line":5,"column":28},"end":{"line":5,"column":49}},{"start":{"line":5,"column":53},"end":{"line":5,"column":84}}]}},"s":{"0":2,"1":2,"2":2,"3":4},"f":{"0":2,"1":4},"b":{"0":[2,2,1]}}
}
