{"/Users/paulcowan/projects/cuttingedge/packages/react-gel/dist/components/grid/GelItem/index.js": {"path":"/Users/paulcowan/projects/cuttingedge/packages/react-gel/dist/components/grid/GelItem/index.js","statementMap":{"0":{"start":{"line":2,"column":15},"end":{"line":9,"column":1}},"1":{"start":{"line":3,"column":4},"end":{"line":7,"column":5}},"2":{"start":{"line":4,"column":8},"end":{"line":4,"column":25}},"3":{"start":{"line":5,"column":8},"end":{"line":6,"column":24}},"4":{"start":{"line":5,"column":25},"end":{"line":6,"column":24}},"5":{"start":{"line":6,"column":12},"end":{"line":6,"column":24}},"6":{"start":{"line":8,"column":4},"end":{"line":8,"column":13}},"7":{"start":{"line":10,"column":13},"end":{"line":18,"column":1}},"8":{"start":{"line":11,"column":12},"end":{"line":11,"column":14}},"9":{"start":{"line":12,"column":4},"end":{"line":13,"column":20}},"10":{"start":{"line":12,"column":21},"end":{"line":13,"column":20}},"11":{"start":{"line":13,"column":8},"end":{"line":13,"column":20}},"12":{"start":{"line":14,"column":4},"end":{"line":16,"column":30}},"13":{"start":{"line":15,"column":8},"end":{"line":16,"column":30}},"14":{"start":{"line":15,"column":80},"end":{"line":16,"column":30}},"15":{"start":{"line":16,"column":12},"end":{"line":16,"column":30}},"16":{"start":{"line":17,"column":4},"end":{"line":17,"column":13}},"17":{"start":{"line":19,"column":0},"end":{"line":19,"column":62}},"18":{"start":{"line":20,"column":12},"end":{"line":20,"column":28}},"19":{"start":{"line":21,"column":9},"end":{"line":21,"column":30}},"20":{"start":{"line":22,"column":13},"end":{"line":22,"column":37}},"21":{"start":{"line":23,"column":0},"end":{"line":26,"column":2}},"22":{"start":{"line":24,"column":14},"end":{"line":24,"column":20}},"23":{"start":{"line":24,"column":34},"end":{"line":24,"column":46}},"24":{"start":{"line":24,"column":59},"end":{"line":24,"column":70}},"25":{"start":{"line":24,"column":76},"end":{"line":24,"column":80}},"26":{"start":{"line":24,"column":86},"end":{"line":24,"column":90}},"27":{"start":{"line":24,"column":96},"end":{"line":24,"column":100}},"28":{"start":{"line":24,"column":106},"end":{"line":24,"column":110}},"29":{"start":{"line":24,"column":117},"end":{"line":24,"column":122}},"30":{"start":{"line":24,"column":130},"end":{"line":24,"column":136}},"31":{"start":{"line":24,"column":145},"end":{"line":24,"column":222}},"32":{"start":{"line":25,"column":4},"end":{"line":25,"column":188}},"33":{"start":{"line":27,"column":0},"end":{"line":29,"column":2}},"34":{"start":{"line":30,"column":0},"end":{"line":30,"column":40}}},"fnMap":{"0":{"name":"(anonymous_0)","decl":{"start":{"line":2,"column":59},"end":{"line":2,"column":60}},"loc":{"start":{"line":2,"column":71},"end":{"line":9,"column":1}},"line":2},"1":{"name":"(anonymous_1)","decl":{"start":{"line":10,"column":38},"end":{"line":10,"column":39}},"loc":{"start":{"line":10,"column":54},"end":{"line":18,"column":1}},"line":10},"2":{"name":"(anonymous_2)","decl":{"start":{"line":23,"column":18},"end":{"line":23,"column":19}},"loc":{"start":{"line":23,"column":32},"end":{"line":26,"column":1}},"line":23}},"branchMap":{"0":{"loc":{"start":{"line":2,"column":15},"end":{"line":9,"column":1}},"type":"binary-expr","locations":[{"start":{"line":2,"column":16},"end":{"line":2,"column":20}},{"start":{"line":2,"column":24},"end":{"line":2,"column":37}},{"start":{"line":2,"column":42},"end":{"line":2,"column":55}},{"start":{"line":2,"column":59},"end":{"line":9,"column":1}}],"line":2},"1":{"loc":{"start":{"line":5,"column":25},"end":{"line":6,"column":24}},"type":"if","locations":[{"start":{"line":5,"column":25},"end":{"line":6,"column":24}},{"start":{"line":5,"column":25},"end":{"line":6,"column":24}}],"line":5},"2":{"loc":{"start":{"line":10,"column":13},"end":{"line":18,"column":1}},"type":"binary-expr","locations":[{"start":{"line":10,"column":14},"end":{"line":10,"column":18}},{"start":{"line":10,"column":22},"end":{"line":10,"column":33}},{"start":{"line":10,"column":38},"end":{"line":18,"column":1}}],"line":10},"3":{"loc":{"start":{"line":12,"column":21},"end":{"line":13,"column":20}},"type":"if","locations":[{"start":{"line":12,"column":21},"end":{"line":13,"column":20}},{"start":{"line":12,"column":21},"end":{"line":13,"column":20}}],"line":12},"4":{"loc":{"start":{"line":12,"column":25},"end":{"line":12,"column":87}},"type":"binary-expr","locations":[{"start":{"line":12,"column":25},"end":{"line":12,"column":67}},{"start":{"line":12,"column":71},"end":{"line":12,"column":87}}],"line":12},"5":{"loc":{"start":{"line":14,"column":4},"end":{"line":16,"column":30}},"type":"if","locations":[{"start":{"line":14,"column":4},"end":{"line":16,"column":30}},{"start":{"line":14,"column":4},"end":{"line":16,"column":30}}],"line":14},"6":{"loc":{"start":{"line":14,"column":8},"end":{"line":14,"column":71}},"type":"binary-expr","locations":[{"start":{"line":14,"column":8},"end":{"line":14,"column":17}},{"start":{"line":14,"column":21},"end":{"line":14,"column":71}}],"line":14},"7":{"loc":{"start":{"line":15,"column":80},"end":{"line":16,"column":30}},"type":"if","locations":[{"start":{"line":15,"column":80},"end":{"line":16,"column":30}},{"start":{"line":15,"column":80},"end":{"line":16,"column":30}}],"line":15}},"s":{"0":1,"1":0,"2":0,"3":0,"4":0,"5":0,"6":0,"7":1,"8":1,"9":1,"10":3,"11":0,"12":1,"13":1,"14":0,"15":0,"16":1,"17":1,"18":1,"19":1,"20":1,"21":1,"22":1,"23":1,"24":1,"25":1,"26":1,"27":1,"28":1,"29":1,"30":1,"31":1,"32":1,"33":1,"34":1},"f":{"0":0,"1":1,"2":1},"b":{"0":[1,1,1,0],"1":[0,0],"2":[1,1,1],"3":[0,3],"4":[3,3],"5":[1,0],"6":[1,1],"7":[0,0]},"_coverageSchema":"332fd63041d2c1bcb487cc26dd0d5f7d97098a6c","hash":"4bdff81e5cb20381e8c730cf03807e19c8e1d7cc"}
,"/Users/paulcowan/projects/cuttingedge/packages/react-gel/dist/components/grid/Layout/index.js": {"path":"/Users/paulcowan/projects/cuttingedge/packages/react-gel/dist/components/grid/Layout/index.js","statementMap":{"0":{"start":{"line":2,"column":0},"end":{"line":2,"column":62}},"1":{"start":{"line":3,"column":12},"end":{"line":3,"column":28}},"2":{"start":{"line":4,"column":9},"end":{"line":4,"column":30}},"3":{"start":{"line":5,"column":0},"end":{"line":17,"column":2}},"4":{"start":{"line":6,"column":14},"end":{"line":6,"column":20}},"5":{"start":{"line":6,"column":34},"end":{"line":6,"column":46}},"6":{"start":{"line":6,"column":56},"end":{"line":6,"column":64}},"7":{"start":{"line":6,"column":75},"end":{"line":6,"column":84}},"8":{"start":{"line":6,"column":95},"end":{"line":6,"column":104}},"9":{"start":{"line":6,"column":114},"end":{"line":6,"column":122}},"10":{"start":{"line":6,"column":133},"end":{"line":6,"column":142}},"11":{"start":{"line":6,"column":152},"end":{"line":6,"column":160}},"12":{"start":{"line":6,"column":169},"end":{"line":6,"column":176}},"13":{"start":{"line":6,"column":184},"end":{"line":6,"column":190}},"14":{"start":{"line":6,"column":203},"end":{"line":6,"column":214}},"15":{"start":{"line":7,"column":4},"end":{"line":16,"column":25}},"16":{"start":{"line":18,"column":0},"end":{"line":20,"column":2}},"17":{"start":{"line":21,"column":0},"end":{"line":21,"column":38}}},"fnMap":{"0":{"name":"(anonymous_0)","decl":{"start":{"line":5,"column":17},"end":{"line":5,"column":18}},"loc":{"start":{"line":5,"column":31},"end":{"line":17,"column":1}},"line":5}},"branchMap":{},"s":{"0":1,"1":1,"2":1,"3":1,"4":1,"5":1,"6":1,"7":1,"8":1,"9":1,"10":1,"11":1,"12":1,"13":1,"14":1,"15":1,"16":1,"17":1},"f":{"0":1},"b":{},"_coverageSchema":"332fd63041d2c1bcb487cc26dd0d5f7d97098a6c","hash":"0f37265d9a18849a828cb46b944979fb7c5e736e"}
,"/Users/paulcowan/projects/cuttingedge/packages/react-gel/dist/components/grid/Wrap/index.js": {"path":"/Users/paulcowan/projects/cuttingedge/packages/react-gel/dist/components/grid/Wrap/index.js","statementMap":{"0":{"start":{"line":2,"column":0},"end":{"line":2,"column":62}},"1":{"start":{"line":3,"column":12},"end":{"line":3,"column":28}},"2":{"start":{"line":4,"column":9},"end":{"line":4,"column":30}},"3":{"start":{"line":5,"column":0},"end":{"line":8,"column":2}},"4":{"start":{"line":6,"column":14},"end":{"line":6,"column":20}},"5":{"start":{"line":6,"column":34},"end":{"line":6,"column":46}},"6":{"start":{"line":6,"column":59},"end":{"line":6,"column":70}},"7":{"start":{"line":7,"column":4},"end":{"line":7,"column":90}},"8":{"start":{"line":9,"column":0},"end":{"line":11,"column":2}},"9":{"start":{"line":12,"column":0},"end":{"line":12,"column":34}}},"fnMap":{"0":{"name":"(anonymous_0)","decl":{"start":{"line":5,"column":15},"end":{"line":5,"column":16}},"loc":{"start":{"line":5,"column":29},"end":{"line":8,"column":1}},"line":5}},"branchMap":{},"s":{"0":1,"1":1,"2":1,"3":1,"4":1,"5":1,"6":1,"7":1,"8":1,"9":1},"f":{"0":1},"b":{},"_coverageSchema":"332fd63041d2c1bcb487cc26dd0d5f7d97098a6c","hash":"cb833b7b80695fb01893840bd9c667836fb1ca19"}
,"/Users/paulcowan/projects/cuttingedge/packages/react-gel/dist/util/index.js": {"path":"/Users/paulcowan/projects/cuttingedge/packages/react-gel/dist/util/index.js","statementMap":{"0":{"start":{"line":3,"column":4},"end":{"line":3,"column":71}},"1":{"start":{"line":3,"column":21},"end":{"line":3,"column":71}},"2":{"start":{"line":3,"column":53},"end":{"line":3,"column":71}},"3":{"start":{"line":5,"column":0},"end":{"line":5,"column":62}},"4":{"start":{"line":6,"column":0},"end":{"line":6,"column":28}}},"fnMap":{"0":{"name":"__export","decl":{"start":{"line":2,"column":9},"end":{"line":2,"column":17}},"loc":{"start":{"line":2,"column":21},"end":{"line":4,"column":1}},"line":2}},"branchMap":{"0":{"loc":{"start":{"line":3,"column":21},"end":{"line":3,"column":71}},"type":"if","locations":[{"start":{"line":3,"column":21},"end":{"line":3,"column":71}},{"start":{"line":3,"column":21},"end":{"line":3,"column":71}}],"line":3}},"s":{"0":1,"1":2,"2":2,"3":1,"4":1},"f":{"0":1},"b":{"0":[2,0]},"_coverageSchema":"332fd63041d2c1bcb487cc26dd0d5f7d97098a6c","hash":"a983d36f75dfe48a628aef3d3429aff66b4fa31b"}
,"/Users/paulcowan/projects/cuttingedge/packages/react-gel/dist/util/grid/index.js": {"path":"/Users/paulcowan/projects/cuttingedge/packages/react-gel/dist/util/grid/index.js","statementMap":{"0":{"start":{"line":2,"column":0},"end":{"line":2,"column":62}},"1":{"start":{"line":3,"column":15},"end":{"line":3,"column":32}},"2":{"start":{"line":5,"column":0},"end":{"line":11,"column":65}},"3":{"start":{"line":6,"column":4},"end":{"line":6,"column":26}},"4":{"start":{"line":7,"column":4},"end":{"line":7,"column":26}},"5":{"start":{"line":8,"column":4},"end":{"line":8,"column":26}},"6":{"start":{"line":9,"column":4},"end":{"line":9,"column":28}},"7":{"start":{"line":10,"column":4},"end":{"line":10,"column":30}},"8":{"start":{"line":12,"column":0},"end":{"line":19,"column":2}},"9":{"start":{"line":13,"column":4},"end":{"line":18,"column":17}},"10":{"start":{"line":14,"column":8},"end":{"line":15,"column":22}},"11":{"start":{"line":15,"column":12},"end":{"line":15,"column":22}},"12":{"start":{"line":16,"column":24},"end":{"line":16,"column":88}},"13":{"start":{"line":17,"column":8},"end":{"line":17,"column":34}}},"fnMap":{"0":{"name":"(anonymous_0)","decl":{"start":{"line":5,"column":1},"end":{"line":5,"column":2}},"loc":{"start":{"line":5,"column":23},"end":{"line":11,"column":1}},"line":5},"1":{"name":"(anonymous_1)","decl":{"start":{"line":12,"column":26},"end":{"line":12,"column":27}},"loc":{"start":{"line":12,"column":43},"end":{"line":19,"column":1}},"line":12},"2":{"name":"(anonymous_2)","decl":{"start":{"line":13,"column":31},"end":{"line":13,"column":32}},"loc":{"start":{"line":13,"column":60},"end":{"line":18,"column":5}},"line":13}},"branchMap":{"0":{"loc":{"start":{"line":11,"column":16},"end":{"line":11,"column":63}},"type":"binary-expr","locations":[{"start":{"line":11,"column":16},"end":{"line":11,"column":34}},{"start":{"line":11,"column":39},"end":{"line":11,"column":62}}],"line":11},"1":{"loc":{"start":{"line":14,"column":8},"end":{"line":15,"column":22}},"type":"if","locations":[{"start":{"line":14,"column":8},"end":{"line":15,"column":22}},{"start":{"line":14,"column":8},"end":{"line":15,"column":22}}],"line":14},"2":{"loc":{"start":{"line":16,"column":24},"end":{"line":16,"column":88}},"type":"cond-expr","locations":[{"start":{"line":16,"column":56},"end":{"line":16,"column":61}},{"start":{"line":16,"column":64},"end":{"line":16,"column":88}}],"line":16}},"s":{"0":2,"1":2,"2":2,"3":2,"4":2,"5":2,"6":2,"7":2,"8":2,"9":7,"10":12,"11":5,"12":7,"13":7},"f":{"0":2,"1":7,"2":12},"b":{"0":[2,2],"1":[5,7],"2":[1,6]},"_coverageSchema":"332fd63041d2c1bcb487cc26dd0d5f7d97098a6c","hash":"3c946f78ce15b3012216148c656136f9bcfaaf2d"}
}
