TN:
SF:/Users/paulcowan/projects/cuttingedge/packages/react-gel/dist/components/grid/GelItem/index.js
FN:2,(anonymous_0)
FN:10,(anonymous_1)
FN:23,(anonymous_2)
FNF:3
FNH:2
FNDA:0,(anonymous_0)
FNDA:1,(anonymous_1)
FNDA:1,(anonymous_2)
DA:2,1
DA:3,0
DA:4,0
DA:5,0
DA:6,0
DA:8,0
DA:10,1
DA:11,1
DA:12,3
DA:13,0
DA:14,1
DA:15,1
DA:16,0
DA:17,1
DA:19,1
DA:20,1
DA:21,1
DA:22,1
DA:23,1
DA:24,1
DA:25,1
DA:27,1
DA:30,1
LF:23
LH:16
BRDA:2,0,0,1
BRDA:2,0,1,1
BRDA:2,0,2,1
BRDA:2,0,3,0
BRDA:5,1,0,0
BRDA:5,1,1,0
BRDA:10,2,0,1
BRDA:10,2,1,1
BRDA:10,2,2,1
BRDA:12,3,0,0
BRDA:12,3,1,3
BRDA:12,4,0,3
BRDA:12,4,1,3
BRDA:14,5,0,1
BRDA:14,5,1,0
BRDA:14,6,0,1
BRDA:14,6,1,1
BRDA:15,7,0,0
BRDA:15,7,1,0
BRF:19
BRH:12
end_of_record
TN:
SF:/Users/paulcowan/projects/cuttingedge/packages/react-gel/dist/components/grid/Layout/index.js
FN:5,(anonymous_0)
FNF:1
FNH:1
FNDA:1,(anonymous_0)
DA:2,1
DA:3,1
DA:4,1
DA:5,1
DA:6,1
DA:7,1
DA:18,1
DA:21,1
LF:8
LH:8
BRF:0
BRH:0
end_of_record
TN:
SF:/Users/paulcowan/projects/cuttingedge/packages/react-gel/dist/components/grid/Wrap/index.js
FN:5,(anonymous_0)
FNF:1
FNH:1
FNDA:1,(anonymous_0)
DA:2,1
DA:3,1
DA:4,1
DA:5,1
DA:6,1
DA:7,1
DA:9,1
DA:12,1
LF:8
LH:8
BRF:0
BRH:0
end_of_record
TN:
SF:/Users/paulcowan/projects/cuttingedge/packages/react-gel/dist/util/index.js
FN:2,__export
FNF:1
FNH:1
FNDA:1,__export
DA:3,2
DA:5,1
DA:6,1
LF:3
LH:3
BRDA:3,0,0,2
BRDA:3,0,1,0
BRF:2
BRH:1
end_of_record
TN:
SF:/Users/paulcowan/projects/cuttingedge/packages/react-gel/dist/util/grid/index.js
FN:5,(anonymous_0)
FN:12,(anonymous_1)
FN:13,(anonymous_2)
FNF:3
FNH:3
FNDA:2,(anonymous_0)
FNDA:7,(anonymous_1)
FNDA:12,(anonymous_2)
DA:2,2
DA:3,2
DA:5,2
DA:6,2
DA:7,2
DA:8,2
DA:9,2
DA:10,2
DA:12,2
DA:13,7
DA:14,12
DA:15,5
DA:16,7
DA:17,7
LF:14
LH:14
BRDA:11,0,0,2
BRDA:11,0,1,2
BRDA:14,1,0,5
BRDA:14,1,1,7
BRDA:16,2,0,1
BRDA:16,2,1,6
BRF:6
BRH:6
end_of_record
