{"/Users/paulcowan/projects/cuttingedge/packages/react-gel/src/index.ts": {"path":"/Users/paulcowan/projects/cuttingedge/packages/react-gel/src/index.ts","statementMap":{"0":{"start":{"line":1,"column":0},"end":{"line":null,"column":-1}}},"fnMap":{},"branchMap":{},"s":{"0":0},"f":{},"b":{}}
,"/Users/paulcowan/projects/cuttingedge/packages/react-gel/src/components/index.ts": {"path":"/Users/paulcowan/projects/cuttingedge/packages/react-gel/src/components/index.ts","statementMap":{"0":{"start":{"line":1,"column":0},"end":{"line":null,"column":-1}}},"fnMap":{},"branchMap":{},"s":{"0":0},"f":{},"b":{}}
,"/Users/paulcowan/projects/cuttingedge/packages/react-gel/src/components/grid/index.ts": {"path":"/Users/paulcowan/projects/cuttingedge/packages/react-gel/src/components/grid/index.ts","statementMap":{"0":{"start":{"line":1,"column":0},"end":{"line":null,"column":-1}},"1":{"start":{"line":2,"column":0},"end":{"line":null,"column":-1}},"2":{"start":{"line":3,"column":0},"end":{"line":null,"column":-1}}},"fnMap":{},"branchMap":{},"s":{"0":0,"1":0,"2":0},"f":{},"b":{}}
,"/Users/paulcowan/projects/cuttingedge/packages/react-gel/src/components/grid/GelItem/index.tsx": {"path":"/Users/paulcowan/projects/cuttingedge/packages/react-gel/src/components/grid/GelItem/index.tsx","statementMap":{"0":{"start":{"line":1,"column":0},"end":{"line":1,"column":30}},"1":{"start":{"line":2,"column":0},"end":{"line":2,"column":32}},"2":{"start":{"line":3,"column":0},"end":{"line":3,"column":64}},"3":{"start":{"line":11,"column":13},"end":{"line":15,"column":2}},"4":{"start":{"line":11,"column":51},"end":{"line":11,"column":54}},"5":{"start":{"line":11,"column":56},"end":{"line":11,"column":65}},"6":{"start":{"line":11,"column":67},"end":{"line":11,"column":75}},"7":{"start":{"line":11,"column":77},"end":{"line":11,"column":78}},"8":{"start":{"line":11,"column":80},"end":{"line":11,"column":81}},"9":{"start":{"line":11,"column":83},"end":{"line":11,"column":84}},"10":{"start":{"line":11,"column":86},"end":{"line":11,"column":87}},"11":{"start":{"line":11,"column":89},"end":{"line":11,"column":91}},"12":{"start":{"line":11,"column":93},"end":{"line":11,"column":96}},"13":{"start":{"line":11,"column":98},"end":{"line":11,"column":105}},"14":{"start":{"line":11,"column":112},"end":{"line":15,"column":1}},"15":{"start":{"line":17,"column":0},"end":{"line":19,"column":2}},"16":{"start":{"line":21,"column":0},"end":{"line":21,"column":32}}},"fnMap":{"0":{"name":"(anonymous_2)","decl":{"start":{"line":11,"column":48},"end":{"line":11,"column":48}},"loc":{"start":{"line":11,"column":107},"end":{"line":15,"column":1}}}},"branchMap":{},"s":{"0":1,"1":1,"2":1,"3":1,"4":4,"5":4,"6":4,"7":4,"8":4,"9":4,"10":4,"11":4,"12":4,"13":4,"14":4,"15":1,"16":1},"f":{"0":4},"b":{}}
,"/Users/paulcowan/projects/cuttingedge/packages/react-gel/src/components/grid/Layout/index.tsx": {"path":"/Users/paulcowan/projects/cuttingedge/packages/react-gel/src/components/grid/Layout/index.tsx","statementMap":{"0":{"start":{"line":1,"column":0},"end":{"line":1,"column":30}},"1":{"start":{"line":2,"column":0},"end":{"line":2,"column":32}},"2":{"start":{"line":17,"column":13},"end":{"line":44,"column":2}},"3":{"start":{"line":18,"column":2},"end":{"line":18,"column":5}},"4":{"start":{"line":19,"column":2},"end":{"line":19,"column":11}},"5":{"start":{"line":20,"column":2},"end":{"line":20,"column":7}},"6":{"start":{"line":21,"column":2},"end":{"line":21,"column":8}},"7":{"start":{"line":22,"column":2},"end":{"line":22,"column":8}},"8":{"start":{"line":23,"column":2},"end":{"line":23,"column":7}},"9":{"start":{"line":24,"column":2},"end":{"line":24,"column":8}},"10":{"start":{"line":25,"column":2},"end":{"line":25,"column":7}},"11":{"start":{"line":26,"column":2},"end":{"line":26,"column":6}},"12":{"start":{"line":27,"column":2},"end":{"line":27,"column":5}},"13":{"start":{"line":28,"column":2},"end":{"line":28,"column":10}},"14":{"start":{"line":29,"column":6},"end":{"line":44,"column":1}},"15":{"start":{"line":46,"column":0},"end":{"line":48,"column":2}},"16":{"start":{"line":50,"column":0},"end":{"line":50,"column":30}}},"fnMap":{"0":{"name":"(anonymous_0)","decl":{"start":{"line":17,"column":46},"end":{"line":17,"column":46}},"loc":{"start":{"line":29,"column":1},"end":{"line":44,"column":1}}}},"branchMap":{},"s":{"0":1,"1":1,"2":1,"3":3,"4":3,"5":3,"6":3,"7":3,"8":3,"9":3,"10":3,"11":3,"12":3,"13":3,"14":3,"15":1,"16":1},"f":{"0":3},"b":{}}
,"/Users/paulcowan/projects/cuttingedge/packages/react-gel/src/components/grid/Wrap/index.tsx": {"path":"/Users/paulcowan/projects/cuttingedge/packages/react-gel/src/components/grid/Wrap/index.tsx","statementMap":{"0":{"start":{"line":1,"column":0},"end":{"line":1,"column":30}},"1":{"start":{"line":2,"column":0},"end":{"line":2,"column":32}},"2":{"start":{"line":9,"column":13},"end":{"line":11,"column":2}},"3":{"start":{"line":9,"column":45},"end":{"line":9,"column":48}},"4":{"start":{"line":9,"column":50},"end":{"line":9,"column":59}},"5":{"start":{"line":9,"column":61},"end":{"line":9,"column":69}},"6":{"start":{"line":9,"column":76},"end":{"line":11,"column":1}},"7":{"start":{"line":13,"column":0},"end":{"line":15,"column":2}},"8":{"start":{"line":17,"column":0},"end":{"line":17,"column":26}}},"fnMap":{"0":{"name":"(anonymous_0)","decl":{"start":{"line":9,"column":42},"end":{"line":9,"column":42}},"loc":{"start":{"line":9,"column":71},"end":{"line":11,"column":1}}}},"branchMap":{},"s":{"0":1,"1":1,"2":1,"3":3,"4":3,"5":3,"6":3,"7":1,"8":1},"f":{"0":3},"b":{}}
,"/Users/paulcowan/projects/cuttingedge/packages/react-gel/src/util/index.ts": {"path":"/Users/paulcowan/projects/cuttingedge/packages/react-gel/src/util/index.ts","statementMap":{"0":{"start":{"line":1,"column":0},"end":{"line":1,"column":23}}},"fnMap":{},"branchMap":{},"s":{"0":1},"f":{},"b":{}}
,"/Users/paulcowan/projects/cuttingedge/packages/react-gel/src/util/grid/index.ts": {"path":"/Users/paulcowan/projects/cuttingedge/packages/react-gel/src/util/grid/index.ts","statementMap":{"0":{"start":{"line":1,"column":0},"end":{"line":1,"column":28}},"1":{"start":{"line":3,"column":0},"end":{"line":9,"column":1}},"2":{"start":{"line":4,"column":2},"end":{"line":4,"column":9}},"3":{"start":{"line":5,"column":2},"end":{"line":5,"column":9}},"4":{"start":{"line":6,"column":2},"end":{"line":6,"column":9}},"5":{"start":{"line":7,"column":2},"end":{"line":7,"column":11}},"6":{"start":{"line":8,"column":2},"end":{"line":8,"column":13}},"7":{"start":{"line":15,"column":13},"end":{"line":21,"column":15}},"8":{"start":{"line":16,"column":2},"end":{"line":21,"column":14}},"9":{"start":{"line":17,"column":4},"end":{"line":17,"column":26}},"10":{"start":{"line":17,"column":16},"end":{"line":17,"column":26}},"11":{"start":{"line":18,"column":22},"end":{"line":18,"column":86}},"12":{"start":{"line":20,"column":4},"end":{"line":20,"column":30}}},"fnMap":{"0":{"name":"(anonymous_0)","decl":{"start":{"line":3,"column":0},"end":{"line":3,"column":11}},"loc":{"start":{"line":3,"column":22},"end":{"line":9,"column":1}}},"1":{"name":"(anonymous_1)","decl":{"start":{"line":15,"column":31},"end":{"line":15,"column":31}},"loc":{"start":{"line":15,"column":54},"end":{"line":21,"column":14}}},"2":{"name":"(anonymous_2)","decl":{"start":{"line":16,"column":38},"end":{"line":16,"column":38}},"loc":{"start":{"line":16,"column":56},"end":{"line":21,"column":3}}}},"branchMap":{"0":{"loc":{"start":{"line":3,"column":12},"end":{"line":3,"column":22}},"type":"binary-expr","locations":[{"start":{"line":3,"column":12},"end":{"line":3,"column":22}},{"start":{"line":3,"column":12},"end":{"line":3,"column":22}}]},"1":{"loc":{"start":{"line":17,"column":4},"end":{"line":17,"column":26}},"type":"if","locations":[{"start":{"line":17,"column":4},"end":{"line":17,"column":26}},{"start":{"line":17,"column":4},"end":{"line":17,"column":26}}]},"2":{"loc":{"start":{"line":18,"column":54},"end":{"line":18,"column":59}},"type":"cond-expr","locations":[{"start":{"line":18,"column":54},"end":{"line":18,"column":59}},{"start":{"line":18,"column":65},"end":{"line":18,"column":86}}]}},"s":{"0":2,"1":2,"2":2,"3":2,"4":2,"5":2,"6":2,"7":2,"8":10,"9":30,"10":21,"11":9,"12":9},"f":{"0":2,"1":10,"2":30},"b":{"0":[2,2],"1":[21,9],"2":[1,8]}}
}
