TN:
SF:/Users/paulcowan/projects/cuttingedge/packages/react-gel/src/index.ts
FNF:0
FNH:0
DA:1,0
LF:1
LH:0
BRF:0
BRH:0
end_of_record
TN:
SF:/Users/paulcowan/projects/cuttingedge/packages/react-gel/src/components/index.ts
FNF:0
FNH:0
DA:1,0
LF:1
LH:0
BRF:0
BRH:0
end_of_record
TN:
SF:/Users/paulcowan/projects/cuttingedge/packages/react-gel/src/components/grid/index.ts
FNF:0
FNH:0
DA:1,0
DA:2,0
DA:3,0
LF:3
LH:0
BRF:0
BRH:0
end_of_record
TN:
SF:/Users/paulcowan/projects/cuttingedge/packages/react-gel/src/components/grid/GelItem/index.tsx
FN:11,(anonymous_2)
FNF:1
FNH:1
FNDA:4,(anonymous_2)
DA:1,1
DA:2,1
DA:3,1
DA:11,4
DA:17,1
DA:21,1
LF:6
LH:6
BRF:0
BRH:0
end_of_record
TN:
SF:/Users/paulcowan/projects/cuttingedge/packages/react-gel/src/components/grid/Layout/index.tsx
FN:17,(anonymous_0)
FNF:1
FNH:1
FNDA:3,(anonymous_0)
DA:1,1
DA:2,1
DA:17,1
DA:18,3
DA:19,3
DA:20,3
DA:21,3
DA:22,3
DA:23,3
DA:24,3
DA:25,3
DA:26,3
DA:27,3
DA:28,3
DA:29,3
DA:46,1
DA:50,1
LF:17
LH:17
BRF:0
BRH:0
end_of_record
TN:
SF:/Users/paulcowan/projects/cuttingedge/packages/react-gel/src/components/grid/Wrap/index.tsx
FN:9,(anonymous_0)
FNF:1
FNH:1
FNDA:3,(anonymous_0)
DA:1,1
DA:2,1
DA:9,3
DA:13,1
DA:17,1
LF:5
LH:5
BRF:0
BRH:0
end_of_record
TN:
SF:/Users/paulcowan/projects/cuttingedge/packages/react-gel/src/util/index.ts
FNF:0
FNH:0
DA:1,1
LF:1
LH:1
BRF:0
BRH:0
end_of_record
TN:
SF:/Users/paulcowan/projects/cuttingedge/packages/react-gel/src/util/grid/index.ts
FN:3,(anonymous_0)
FN:15,(anonymous_1)
FN:16,(anonymous_2)
FNF:3
FNH:3
FNDA:2,(anonymous_0)
FNDA:10,(anonymous_1)
FNDA:30,(anonymous_2)
DA:1,2
DA:3,2
DA:4,2
DA:5,2
DA:6,2
DA:7,2
DA:8,2
DA:15,2
DA:16,10
DA:17,30
DA:18,9
DA:20,9
LF:12
LH:12
BRDA:3,0,0,2
BRDA:3,0,1,2
BRDA:17,1,0,21
BRDA:17,1,1,9
BRDA:18,2,0,1
BRDA:18,2,1,8
BRF:6
BRH:6
end_of_record
