{"/Users/paulcowan/projects/cuttingedge/packages/component-library/dist/components/atoms/ExternalLink/index.js": {"path":"/Users/paulcowan/projects/cuttingedge/packages/component-library/dist/components/atoms/ExternalLink/index.js","statementMap":{"0":{"start":{"line":2,"column":15},"end":{"line":9,"column":1}},"1":{"start":{"line":3,"column":4},"end":{"line":7,"column":5}},"2":{"start":{"line":4,"column":8},"end":{"line":4,"column":25}},"3":{"start":{"line":5,"column":8},"end":{"line":6,"column":24}},"4":{"start":{"line":5,"column":25},"end":{"line":6,"column":24}},"5":{"start":{"line":6,"column":12},"end":{"line":6,"column":24}},"6":{"start":{"line":8,"column":4},"end":{"line":8,"column":13}},"7":{"start":{"line":10,"column":13},"end":{"line":18,"column":1}},"8":{"start":{"line":11,"column":12},"end":{"line":11,"column":14}},"9":{"start":{"line":12,"column":4},"end":{"line":13,"column":20}},"10":{"start":{"line":12,"column":21},"end":{"line":13,"column":20}},"11":{"start":{"line":13,"column":8},"end":{"line":13,"column":20}},"12":{"start":{"line":14,"column":4},"end":{"line":16,"column":30}},"13":{"start":{"line":15,"column":8},"end":{"line":16,"column":30}},"14":{"start":{"line":15,"column":80},"end":{"line":16,"column":30}},"15":{"start":{"line":16,"column":12},"end":{"line":16,"column":30}},"16":{"start":{"line":17,"column":4},"end":{"line":17,"column":13}},"17":{"start":{"line":19,"column":0},"end":{"line":19,"column":62}},"18":{"start":{"line":20,"column":12},"end":{"line":20,"column":28}},"19":{"start":{"line":21,"column":0},"end":{"line":24,"column":2}},"20":{"start":{"line":22,"column":20},"end":{"line":22,"column":32}},"21":{"start":{"line":22,"column":41},"end":{"line":22,"column":48}},"22":{"start":{"line":22,"column":65},"end":{"line":22,"column":80}},"23":{"start":{"line":22,"column":93},"end":{"line":22,"column":104}},"24":{"start":{"line":22,"column":113},"end":{"line":22,"column":174}},"25":{"start":{"line":23,"column":4},"end":{"line":23,"column":148}},"26":{"start":{"line":25,"column":0},"end":{"line":27,"column":2}}},"fnMap":{"0":{"name":"(anonymous_0)","decl":{"start":{"line":2,"column":59},"end":{"line":2,"column":60}},"loc":{"start":{"line":2,"column":71},"end":{"line":9,"column":1}},"line":2},"1":{"name":"(anonymous_1)","decl":{"start":{"line":10,"column":38},"end":{"line":10,"column":39}},"loc":{"start":{"line":10,"column":54},"end":{"line":18,"column":1}},"line":10},"2":{"name":"(anonymous_2)","decl":{"start":{"line":21,"column":23},"end":{"line":21,"column":24}},"loc":{"start":{"line":21,"column":37},"end":{"line":24,"column":1}},"line":21}},"branchMap":{"0":{"loc":{"start":{"line":2,"column":15},"end":{"line":9,"column":1}},"type":"binary-expr","locations":[{"start":{"line":2,"column":16},"end":{"line":2,"column":20}},{"start":{"line":2,"column":24},"end":{"line":2,"column":37}},{"start":{"line":2,"column":42},"end":{"line":2,"column":55}},{"start":{"line":2,"column":59},"end":{"line":9,"column":1}}],"line":2},"1":{"loc":{"start":{"line":5,"column":25},"end":{"line":6,"column":24}},"type":"if","locations":[{"start":{"line":5,"column":25},"end":{"line":6,"column":24}},{"start":{"line":5,"column":25},"end":{"line":6,"column":24}}],"line":5},"2":{"loc":{"start":{"line":10,"column":13},"end":{"line":18,"column":1}},"type":"binary-expr","locations":[{"start":{"line":10,"column":14},"end":{"line":10,"column":18}},{"start":{"line":10,"column":22},"end":{"line":10,"column":33}},{"start":{"line":10,"column":38},"end":{"line":18,"column":1}}],"line":10},"3":{"loc":{"start":{"line":12,"column":21},"end":{"line":13,"column":20}},"type":"if","locations":[{"start":{"line":12,"column":21},"end":{"line":13,"column":20}},{"start":{"line":12,"column":21},"end":{"line":13,"column":20}}],"line":12},"4":{"loc":{"start":{"line":12,"column":25},"end":{"line":12,"column":87}},"type":"binary-expr","locations":[{"start":{"line":12,"column":25},"end":{"line":12,"column":67}},{"start":{"line":12,"column":71},"end":{"line":12,"column":87}}],"line":12},"5":{"loc":{"start":{"line":14,"column":4},"end":{"line":16,"column":30}},"type":"if","locations":[{"start":{"line":14,"column":4},"end":{"line":16,"column":30}},{"start":{"line":14,"column":4},"end":{"line":16,"column":30}}],"line":14},"6":{"loc":{"start":{"line":14,"column":8},"end":{"line":14,"column":71}},"type":"binary-expr","locations":[{"start":{"line":14,"column":8},"end":{"line":14,"column":17}},{"start":{"line":14,"column":21},"end":{"line":14,"column":71}}],"line":14},"7":{"loc":{"start":{"line":15,"column":80},"end":{"line":16,"column":30}},"type":"if","locations":[{"start":{"line":15,"column":80},"end":{"line":16,"column":30}},{"start":{"line":15,"column":80},"end":{"line":16,"column":30}}],"line":15}},"s":{"0":1,"1":0,"2":0,"3":0,"4":0,"5":0,"6":0,"7":1,"8":0,"9":0,"10":0,"11":0,"12":0,"13":0,"14":0,"15":0,"16":0,"17":1,"18":1,"19":1,"20":0,"21":0,"22":0,"23":0,"24":0,"25":0,"26":1},"f":{"0":0,"1":0,"2":0},"b":{"0":[1,1,1,0],"1":[0,0],"2":[1,1,1],"3":[0,0],"4":[0,0],"5":[0,0],"6":[0,0],"7":[0,0]},"_coverageSchema":"332fd63041d2c1bcb487cc26dd0d5f7d97098a6c","hash":"658473cb3d9f113760de257b5621601f9a36a9be"}
,"/Users/paulcowan/projects/cuttingedge/packages/component-library/dist/components/atoms/Heading/index.js": {"path":"/Users/paulcowan/projects/cuttingedge/packages/component-library/dist/components/atoms/Heading/index.js","statementMap":{"0":{"start":{"line":2,"column":15},"end":{"line":9,"column":1}},"1":{"start":{"line":3,"column":4},"end":{"line":7,"column":5}},"2":{"start":{"line":4,"column":8},"end":{"line":4,"column":25}},"3":{"start":{"line":5,"column":8},"end":{"line":6,"column":24}},"4":{"start":{"line":5,"column":25},"end":{"line":6,"column":24}},"5":{"start":{"line":6,"column":12},"end":{"line":6,"column":24}},"6":{"start":{"line":8,"column":4},"end":{"line":8,"column":13}},"7":{"start":{"line":10,"column":13},"end":{"line":18,"column":1}},"8":{"start":{"line":11,"column":12},"end":{"line":11,"column":14}},"9":{"start":{"line":12,"column":4},"end":{"line":13,"column":20}},"10":{"start":{"line":12,"column":21},"end":{"line":13,"column":20}},"11":{"start":{"line":13,"column":8},"end":{"line":13,"column":20}},"12":{"start":{"line":14,"column":4},"end":{"line":16,"column":30}},"13":{"start":{"line":15,"column":8},"end":{"line":16,"column":30}},"14":{"start":{"line":15,"column":80},"end":{"line":16,"column":30}},"15":{"start":{"line":16,"column":12},"end":{"line":16,"column":30}},"16":{"start":{"line":17,"column":4},"end":{"line":17,"column":13}},"17":{"start":{"line":19,"column":0},"end":{"line":19,"column":62}},"18":{"start":{"line":20,"column":9},"end":{"line":20,"column":30}},"19":{"start":{"line":21,"column":12},"end":{"line":21,"column":28}},"20":{"start":{"line":22,"column":0},"end":{"line":26,"column":2}},"21":{"start":{"line":23,"column":16},"end":{"line":23,"column":24}},"22":{"start":{"line":23,"column":38},"end":{"line":23,"column":50}},"23":{"start":{"line":23,"column":63},"end":{"line":23,"column":74}},"24":{"start":{"line":23,"column":87},"end":{"line":23,"column":98}},"25":{"start":{"line":23,"column":107},"end":{"line":23,"column":165}},"26":{"start":{"line":24,"column":14},"end":{"line":24,"column":25}},"27":{"start":{"line":25,"column":4},"end":{"line":25,"column":118}},"28":{"start":{"line":27,"column":0},"end":{"line":29,"column":2}},"29":{"start":{"line":30,"column":0},"end":{"line":30,"column":40}}},"fnMap":{"0":{"name":"(anonymous_0)","decl":{"start":{"line":2,"column":59},"end":{"line":2,"column":60}},"loc":{"start":{"line":2,"column":71},"end":{"line":9,"column":1}},"line":2},"1":{"name":"(anonymous_1)","decl":{"start":{"line":10,"column":38},"end":{"line":10,"column":39}},"loc":{"start":{"line":10,"column":54},"end":{"line":18,"column":1}},"line":10},"2":{"name":"(anonymous_2)","decl":{"start":{"line":22,"column":18},"end":{"line":22,"column":19}},"loc":{"start":{"line":22,"column":32},"end":{"line":26,"column":1}},"line":22}},"branchMap":{"0":{"loc":{"start":{"line":2,"column":15},"end":{"line":9,"column":1}},"type":"binary-expr","locations":[{"start":{"line":2,"column":16},"end":{"line":2,"column":20}},{"start":{"line":2,"column":24},"end":{"line":2,"column":37}},{"start":{"line":2,"column":42},"end":{"line":2,"column":55}},{"start":{"line":2,"column":59},"end":{"line":9,"column":1}}],"line":2},"1":{"loc":{"start":{"line":5,"column":25},"end":{"line":6,"column":24}},"type":"if","locations":[{"start":{"line":5,"column":25},"end":{"line":6,"column":24}},{"start":{"line":5,"column":25},"end":{"line":6,"column":24}}],"line":5},"2":{"loc":{"start":{"line":10,"column":13},"end":{"line":18,"column":1}},"type":"binary-expr","locations":[{"start":{"line":10,"column":14},"end":{"line":10,"column":18}},{"start":{"line":10,"column":22},"end":{"line":10,"column":33}},{"start":{"line":10,"column":38},"end":{"line":18,"column":1}}],"line":10},"3":{"loc":{"start":{"line":12,"column":21},"end":{"line":13,"column":20}},"type":"if","locations":[{"start":{"line":12,"column":21},"end":{"line":13,"column":20}},{"start":{"line":12,"column":21},"end":{"line":13,"column":20}}],"line":12},"4":{"loc":{"start":{"line":12,"column":25},"end":{"line":12,"column":87}},"type":"binary-expr","locations":[{"start":{"line":12,"column":25},"end":{"line":12,"column":67}},{"start":{"line":12,"column":71},"end":{"line":12,"column":87}}],"line":12},"5":{"loc":{"start":{"line":14,"column":4},"end":{"line":16,"column":30}},"type":"if","locations":[{"start":{"line":14,"column":4},"end":{"line":16,"column":30}},{"start":{"line":14,"column":4},"end":{"line":16,"column":30}}],"line":14},"6":{"loc":{"start":{"line":14,"column":8},"end":{"line":14,"column":71}},"type":"binary-expr","locations":[{"start":{"line":14,"column":8},"end":{"line":14,"column":17}},{"start":{"line":14,"column":21},"end":{"line":14,"column":71}}],"line":14},"7":{"loc":{"start":{"line":15,"column":80},"end":{"line":16,"column":30}},"type":"if","locations":[{"start":{"line":15,"column":80},"end":{"line":16,"column":30}},{"start":{"line":15,"column":80},"end":{"line":16,"column":30}}],"line":15}},"s":{"0":1,"1":0,"2":0,"3":0,"4":0,"5":0,"6":0,"7":1,"8":1,"9":1,"10":1,"11":0,"12":1,"13":1,"14":0,"15":0,"16":1,"17":1,"18":1,"19":1,"20":1,"21":1,"22":1,"23":1,"24":1,"25":1,"26":1,"27":1,"28":1,"29":1},"f":{"0":0,"1":1,"2":1},"b":{"0":[1,1,1,0],"1":[0,0],"2":[1,1,1],"3":[0,1],"4":[1,1],"5":[1,0],"6":[1,1],"7":[0,0]},"_coverageSchema":"332fd63041d2c1bcb487cc26dd0d5f7d97098a6c","hash":"5657113f027eaf4a526abfa91ec9f02c245c6c95"}
,"/Users/paulcowan/projects/cuttingedge/packages/component-library/dist/components/atoms/Svg/Rhombus.js": {"path":"/Users/paulcowan/projects/cuttingedge/packages/component-library/dist/components/atoms/Svg/Rhombus.js","statementMap":{"0":{"start":{"line":2,"column":0},"end":{"line":2,"column":62}},"1":{"start":{"line":3,"column":12},"end":{"line":3,"column":28}},"2":{"start":{"line":4,"column":0},"end":{"line":8,"column":2}},"3":{"start":{"line":5,"column":20},"end":{"line":5,"column":32}},"4":{"start":{"line":6,"column":4},"end":{"line":7,"column":74}}},"fnMap":{"0":{"name":"(anonymous_0)","decl":{"start":{"line":4,"column":18},"end":{"line":4,"column":19}},"loc":{"start":{"line":4,"column":32},"end":{"line":8,"column":1}},"line":4}},"branchMap":{},"s":{"0":1,"1":1,"2":1,"3":0,"4":0},"f":{"0":0},"b":{},"_coverageSchema":"332fd63041d2c1bcb487cc26dd0d5f7d97098a6c","hash":"7dba5a7ed5e982d34ff310b927dfeea16cd88418"}
,"/Users/paulcowan/projects/cuttingedge/packages/component-library/dist/components/atoms/Svg/index.js": {"path":"/Users/paulcowan/projects/cuttingedge/packages/component-library/dist/components/atoms/Svg/index.js","statementMap":{"0":{"start":{"line":3,"column":4},"end":{"line":3,"column":71}},"1":{"start":{"line":3,"column":21},"end":{"line":3,"column":71}},"2":{"start":{"line":3,"column":53},"end":{"line":3,"column":71}},"3":{"start":{"line":5,"column":0},"end":{"line":5,"column":62}},"4":{"start":{"line":6,"column":0},"end":{"line":6,"column":31}},"5":{"start":{"line":7,"column":0},"end":{"line":7,"column":27}},"6":{"start":{"line":8,"column":0},"end":{"line":8,"column":30}},"7":{"start":{"line":9,"column":0},"end":{"line":9,"column":31}}},"fnMap":{"0":{"name":"__export","decl":{"start":{"line":2,"column":9},"end":{"line":2,"column":17}},"loc":{"start":{"line":2,"column":21},"end":{"line":4,"column":1}},"line":2}},"branchMap":{"0":{"loc":{"start":{"line":3,"column":21},"end":{"line":3,"column":71}},"type":"if","locations":[{"start":{"line":3,"column":21},"end":{"line":3,"column":71}},{"start":{"line":3,"column":21},"end":{"line":3,"column":71}}],"line":3}},"s":{"0":4,"1":4,"2":4,"3":1,"4":1,"5":1,"6":1,"7":1},"f":{"0":4},"b":{"0":[4,0]},"_coverageSchema":"332fd63041d2c1bcb487cc26dd0d5f7d97098a6c","hash":"3586e0bafc9a655c574b9d8221f178dcb2f61a2d"}
,"/Users/paulcowan/projects/cuttingedge/packages/component-library/dist/components/atoms/Svg/Cow/index.js": {"path":"/Users/paulcowan/projects/cuttingedge/packages/component-library/dist/components/atoms/Svg/Cow/index.js","statementMap":{"0":{"start":{"line":2,"column":0},"end":{"line":2,"column":62}},"1":{"start":{"line":3,"column":12},"end":{"line":3,"column":28}},"2":{"start":{"line":4,"column":0},"end":{"line":9,"column":2}},"3":{"start":{"line":5,"column":20},"end":{"line":5,"column":32}},"4":{"start":{"line":6,"column":4},"end":{"line":8,"column":9183}}},"fnMap":{"0":{"name":"(anonymous_0)","decl":{"start":{"line":4,"column":14},"end":{"line":4,"column":15}},"loc":{"start":{"line":4,"column":28},"end":{"line":9,"column":1}},"line":4}},"branchMap":{},"s":{"0":1,"1":1,"2":1,"3":0,"4":0},"f":{"0":0},"b":{},"_coverageSchema":"332fd63041d2c1bcb487cc26dd0d5f7d97098a6c","hash":"dae146ae28dc78075bdcf585cb63749cef5e2e50"}
,"/Users/paulcowan/projects/cuttingedge/packages/component-library/dist/components/atoms/Svg/Github/index.js": {"path":"/Users/paulcowan/projects/cuttingedge/packages/component-library/dist/components/atoms/Svg/Github/index.js","statementMap":{"0":{"start":{"line":2,"column":0},"end":{"line":2,"column":62}},"1":{"start":{"line":3,"column":12},"end":{"line":3,"column":28}},"2":{"start":{"line":4,"column":0},"end":{"line":7,"column":768}},"3":{"start":{"line":4,"column":31},"end":{"line":7,"column":765}}},"fnMap":{"0":{"name":"(anonymous_0)","decl":{"start":{"line":4,"column":17},"end":{"line":4,"column":18}},"loc":{"start":{"line":4,"column":29},"end":{"line":7,"column":767}},"line":4}},"branchMap":{},"s":{"0":1,"1":1,"2":1,"3":0},"f":{"0":0},"b":{},"_coverageSchema":"332fd63041d2c1bcb487cc26dd0d5f7d97098a6c","hash":"21f9484e89efa217f02486583236e60b243e7a5f"}
,"/Users/paulcowan/projects/cuttingedge/packages/component-library/dist/components/atoms/Svg/Twitter/index.js": {"path":"/Users/paulcowan/projects/cuttingedge/packages/component-library/dist/components/atoms/Svg/Twitter/index.js","statementMap":{"0":{"start":{"line":2,"column":0},"end":{"line":2,"column":62}},"1":{"start":{"line":3,"column":12},"end":{"line":3,"column":28}},"2":{"start":{"line":4,"column":0},"end":{"line":5,"column":520}},"3":{"start":{"line":4,"column":32},"end":{"line":5,"column":517}}},"fnMap":{"0":{"name":"(anonymous_0)","decl":{"start":{"line":4,"column":18},"end":{"line":4,"column":19}},"loc":{"start":{"line":4,"column":30},"end":{"line":5,"column":519}},"line":4}},"branchMap":{},"s":{"0":1,"1":1,"2":1,"3":0},"f":{"0":0},"b":{},"_coverageSchema":"332fd63041d2c1bcb487cc26dd0d5f7d97098a6c","hash":"82dc62103a568047189ea316482a281308495a39"}
,"/Users/paulcowan/projects/cuttingedge/packages/component-library/dist/utl/prefixer/index.js": {"path":"/Users/paulcowan/projects/cuttingedge/packages/component-library/dist/utl/prefixer/index.js","statementMap":{"0":{"start":{"line":2,"column":0},"end":{"line":2,"column":62}},"1":{"start":{"line":3,"column":15},"end":{"line":3,"column":32}},"2":{"start":{"line":4,"column":0},"end":{"line":7,"column":2}},"3":{"start":{"line":5,"column":4},"end":{"line":5,"column":47}},"4":{"start":{"line":5,"column":29},"end":{"line":5,"column":45}},"5":{"start":{"line":6,"column":4},"end":{"line":6,"column":45}}},"fnMap":{"0":{"name":"(anonymous_0)","decl":{"start":{"line":4,"column":19},"end":{"line":4,"column":20}},"loc":{"start":{"line":4,"column":37},"end":{"line":7,"column":1}},"line":4}},"branchMap":{"0":{"loc":{"start":{"line":5,"column":4},"end":{"line":5,"column":47}},"type":"if","locations":[{"start":{"line":5,"column":4},"end":{"line":5,"column":47}},{"start":{"line":5,"column":4},"end":{"line":5,"column":47}}],"line":5}},"s":{"0":1,"1":1,"2":1,"3":2,"4":1,"5":2},"f":{"0":2},"b":{"0":[1,1]},"_coverageSchema":"332fd63041d2c1bcb487cc26dd0d5f7d97098a6c","hash":"6c01d151b9abbc512ed8897482c5b421e67aa135"}
}
