TN:
SF:/Users/paulcowan/projects/cuttingedge/packages/component-library/dist/components/atoms/ExternalLink/index.js
FN:2,(anonymous_0)
FN:10,(anonymous_1)
FN:21,(anonymous_2)
FNF:3
FNH:0
FNDA:0,(anonymous_0)
FNDA:0,(anonymous_1)
FNDA:0,(anonymous_2)
DA:2,1
DA:3,0
DA:4,0
DA:5,0
DA:6,0
DA:8,0
DA:10,1
DA:11,0
DA:12,0
DA:13,0
DA:14,0
DA:15,0
DA:16,0
DA:17,0
DA:19,1
DA:20,1
DA:21,1
DA:22,0
DA:23,0
DA:25,1
LF:20
LH:6
BRDA:2,0,0,1
BRDA:2,0,1,1
BRDA:2,0,2,1
BRDA:2,0,3,0
BRDA:5,1,0,0
BRDA:5,1,1,0
BRDA:10,2,0,1
BRDA:10,2,1,1
BRDA:10,2,2,1
BRDA:12,3,0,0
BRDA:12,3,1,0
BRDA:12,4,0,0
BRDA:12,4,1,0
BRDA:14,5,0,0
BRDA:14,5,1,0
BRDA:14,6,0,0
BRDA:14,6,1,0
BRDA:15,7,0,0
BRDA:15,7,1,0
BRF:19
BRH:6
end_of_record
TN:
SF:/Users/paulcowan/projects/cuttingedge/packages/component-library/dist/components/atoms/Heading/index.js
FN:2,(anonymous_0)
FN:10,(anonymous_1)
FN:22,(anonymous_2)
FNF:3
FNH:2
FNDA:0,(anonymous_0)
FNDA:1,(anonymous_1)
FNDA:1,(anonymous_2)
DA:2,1
DA:3,0
DA:4,0
DA:5,0
DA:6,0
DA:8,0
DA:10,1
DA:11,1
DA:12,1
DA:13,0
DA:14,1
DA:15,1
DA:16,0
DA:17,1
DA:19,1
DA:20,1
DA:21,1
DA:22,1
DA:23,1
DA:24,1
DA:25,1
DA:27,1
DA:30,1
LF:23
LH:16
BRDA:2,0,0,1
BRDA:2,0,1,1
BRDA:2,0,2,1
BRDA:2,0,3,0
BRDA:5,1,0,0
BRDA:5,1,1,0
BRDA:10,2,0,1
BRDA:10,2,1,1
BRDA:10,2,2,1
BRDA:12,3,0,0
BRDA:12,3,1,1
BRDA:12,4,0,1
BRDA:12,4,1,1
BRDA:14,5,0,1
BRDA:14,5,1,0
BRDA:14,6,0,1
BRDA:14,6,1,1
BRDA:15,7,0,0
BRDA:15,7,1,0
BRF:19
BRH:12
end_of_record
TN:
SF:/Users/paulcowan/projects/cuttingedge/packages/component-library/dist/components/atoms/Svg/Rhombus.js
FN:4,(anonymous_0)
FNF:1
FNH:0
FNDA:0,(anonymous_0)
DA:2,1
DA:3,1
DA:4,1
DA:5,0
DA:6,0
LF:5
LH:3
BRF:0
BRH:0
end_of_record
TN:
SF:/Users/paulcowan/projects/cuttingedge/packages/component-library/dist/components/atoms/Svg/index.js
FN:2,__export
FNF:1
FNH:1
FNDA:4,__export
DA:3,4
DA:5,1
DA:6,1
DA:7,1
DA:8,1
DA:9,1
LF:6
LH:6
BRDA:3,0,0,4
BRDA:3,0,1,0
BRF:2
BRH:1
end_of_record
TN:
SF:/Users/paulcowan/projects/cuttingedge/packages/component-library/dist/components/atoms/Svg/Cow/index.js
FN:4,(anonymous_0)
FNF:1
FNH:0
FNDA:0,(anonymous_0)
DA:2,1
DA:3,1
DA:4,1
DA:5,0
DA:6,0
LF:5
LH:3
BRF:0
BRH:0
end_of_record
TN:
SF:/Users/paulcowan/projects/cuttingedge/packages/component-library/dist/components/atoms/Svg/Github/index.js
FN:4,(anonymous_0)
FNF:1
FNH:0
FNDA:0,(anonymous_0)
DA:2,1
DA:3,1
DA:4,1
LF:3
LH:3
BRF:0
BRH:0
end_of_record
TN:
SF:/Users/paulcowan/projects/cuttingedge/packages/component-library/dist/components/atoms/Svg/Twitter/index.js
FN:4,(anonymous_0)
FNF:1
FNH:0
FNDA:0,(anonymous_0)
DA:2,1
DA:3,1
DA:4,1
LF:3
LH:3
BRF:0
BRH:0
end_of_record
TN:
SF:/Users/paulcowan/projects/cuttingedge/packages/component-library/dist/utl/prefixer/index.js
FN:4,(anonymous_0)
FNF:1
FNH:1
FNDA:2,(anonymous_0)
DA:2,1
DA:3,1
DA:4,1
DA:5,2
DA:6,2
LF:5
LH:5
BRDA:5,0,0,1
BRDA:5,0,1,1
BRF:2
BRH:2
end_of_record
