<?xml version="1.0" encoding="UTF-8"?>
<coverage generated="1527338470572" clover="3.2.0">
  <project timestamp="1527338470572" name="All files">
    <metrics statements="188" coveredstatements="155" conditionals="42" coveredconditionals="34" methods="24" coveredmethods="18" elements="254" coveredelements="207" complexity="0" loc="188" ncloc="188" packages="21" files="22" classes="22">
      <package name="src">
        <metrics statements="1" coveredstatements="0" conditionals="0" coveredconditionals="0" methods="0" coveredmethods="0"/>
        <file name="index.ts" path="/Users/paulcowan/projects/cuttingedge/packages/component-library/src/index.ts">
          <metrics statements="1" coveredstatements="0" conditionals="0" coveredconditionals="0" methods="0" coveredmethods="0"/>
          <line num="1" count="0" type="stmt"/>
        </file>
      </package>
      <package name="src.components">
        <metrics statements="3" coveredstatements="0" conditionals="0" coveredconditionals="0" methods="0" coveredmethods="0"/>
        <file name="index.ts" path="/Users/paulcowan/projects/cuttingedge/packages/component-library/src/components/index.ts">
          <metrics statements="3" coveredstatements="0" conditionals="0" coveredconditionals="0" methods="0" coveredmethods="0"/>
          <line num="1" count="0" type="stmt"/>
          <line num="2" count="0" type="stmt"/>
          <line num="3" count="0" type="stmt"/>
        </file>
      </package>
      <package name="src.components.atoms">
        <metrics statements="8" coveredstatements="0" conditionals="0" coveredconditionals="0" methods="0" coveredmethods="0"/>
        <file name="index.ts" path="/Users/paulcowan/projects/cuttingedge/packages/component-library/src/components/atoms/index.ts">
          <metrics statements="8" coveredstatements="0" conditionals="0" coveredconditionals="0" methods="0" coveredmethods="0"/>
          <line num="1" count="0" type="stmt"/>
          <line num="2" count="0" type="stmt"/>
          <line num="3" count="0" type="stmt"/>
          <line num="4" count="0" type="stmt"/>
          <line num="5" count="0" type="stmt"/>
          <line num="6" count="0" type="stmt"/>
          <line num="7" count="0" type="stmt"/>
          <line num="8" count="0" type="stmt"/>
        </file>
      </package>
      <package name="src.components.atoms.Button">
        <metrics statements="27" coveredstatements="26" conditionals="6" coveredconditionals="5" methods="2" coveredmethods="2"/>
        <file name="index.tsx" path="/Users/paulcowan/projects/cuttingedge/packages/component-library/src/components/atoms/Button/index.tsx">
          <metrics statements="27" coveredstatements="26" conditionals="6" coveredconditionals="5" methods="2" coveredmethods="2"/>
          <line num="1" count="1" type="stmt"/>
          <line num="2" count="1" type="stmt"/>
          <line num="3" count="1" type="stmt"/>
          <line num="5" count="1" type="stmt"/>
          <line num="7" count="1" type="cond" truecount="2" falsecount="0"/>
          <line num="8" count="1" type="stmt"/>
          <line num="9" count="1" type="stmt"/>
          <line num="10" count="1" type="stmt"/>
          <line num="30" count="1" type="stmt"/>
          <line num="31" count="3" type="stmt"/>
          <line num="32" count="3" type="stmt"/>
          <line num="33" count="3" type="stmt"/>
          <line num="34" count="3" type="stmt"/>
          <line num="35" count="3" type="stmt"/>
          <line num="36" count="3" type="stmt"/>
          <line num="37" count="3" type="stmt"/>
          <line num="38" count="3" type="stmt"/>
          <line num="39" count="3" type="stmt"/>
          <line num="40" count="3" type="stmt"/>
          <line num="42" count="3" type="cond" truecount="2" falsecount="0"/>
          <line num="44" count="3" type="stmt"/>
          <line num="45" count="3" type="stmt"/>
          <line num="46" count="3" type="stmt"/>
          <line num="48" count="3" type="cond" truecount="1" falsecount="1"/>
          <line num="49" count="0" type="stmt"/>
          <line num="52" count="3" type="stmt"/>
          <line num="71" count="1" type="stmt"/>
        </file>
      </package>
      <package name="src.components.atoms.ErrorLabel">
        <metrics statements="14" coveredstatements="14" conditionals="0" coveredconditionals="0" methods="2" coveredmethods="2"/>
        <file name="index.tsx" path="/Users/paulcowan/projects/cuttingedge/packages/component-library/src/components/atoms/ErrorLabel/index.tsx">
          <metrics statements="14" coveredstatements="14" conditionals="0" coveredconditionals="0" methods="2" coveredmethods="2"/>
          <line num="1" count="2" type="stmt"/>
          <line num="2" count="2" type="stmt"/>
          <line num="4" count="2" type="stmt"/>
          <line num="13" count="2" type="stmt"/>
          <line num="14" count="4" type="stmt"/>
          <line num="15" count="4" type="stmt"/>
          <line num="16" count="4" type="stmt"/>
          <line num="17" count="4" type="stmt"/>
          <line num="23" count="2" type="stmt"/>
          <line num="27" count="2" type="stmt"/>
          <line num="28" count="2" type="stmt"/>
          <line num="29" count="2" type="stmt"/>
          <line num="30" count="2" type="stmt"/>
          <line num="36" count="2" type="stmt"/>
        </file>
      </package>
      <package name="src.components.atoms.ExternalLink">
        <metrics statements="9" coveredstatements="9" conditionals="0" coveredconditionals="0" methods="1" coveredmethods="1"/>
        <file name="index.tsx" path="/Users/paulcowan/projects/cuttingedge/packages/component-library/src/components/atoms/ExternalLink/index.tsx">
          <metrics statements="9" coveredstatements="9" conditionals="0" coveredconditionals="0" methods="1" coveredmethods="1"/>
          <line num="1" count="1" type="stmt"/>
          <line num="7" count="1" type="stmt"/>
          <line num="8" count="1" type="stmt"/>
          <line num="9" count="1" type="stmt"/>
          <line num="10" count="1" type="stmt"/>
          <line num="11" count="1" type="stmt"/>
          <line num="12" count="1" type="stmt"/>
          <line num="13" count="1" type="stmt"/>
          <line num="19" count="1" type="stmt"/>
        </file>
      </package>
      <package name="src.components.atoms.Heading">
        <metrics statements="7" coveredstatements="7" conditionals="0" coveredconditionals="0" methods="1" coveredmethods="1"/>
        <file name="index.tsx" path="/Users/paulcowan/projects/cuttingedge/packages/component-library/src/components/atoms/Heading/index.tsx">
          <metrics statements="7" coveredstatements="7" conditionals="0" coveredconditionals="0" methods="1" coveredmethods="1"/>
          <line num="1" count="1" type="stmt"/>
          <line num="2" count="1" type="stmt"/>
          <line num="10" count="5" type="stmt"/>
          <line num="11" count="5" type="stmt"/>
          <line num="13" count="5" type="stmt"/>
          <line num="20" count="1" type="stmt"/>
          <line num="24" count="1" type="stmt"/>
        </file>
      </package>
      <package name="src.components.atoms.Input">
        <metrics statements="11" coveredstatements="11" conditionals="0" coveredconditionals="0" methods="1" coveredmethods="1"/>
        <file name="index.tsx" path="/Users/paulcowan/projects/cuttingedge/packages/component-library/src/components/atoms/Input/index.tsx">
          <metrics statements="11" coveredstatements="11" conditionals="0" coveredconditionals="0" methods="1" coveredmethods="1"/>
          <line num="1" count="1" type="stmt"/>
          <line num="2" count="1" type="stmt"/>
          <line num="4" count="1" type="stmt"/>
          <line num="11" count="1" type="stmt"/>
          <line num="12" count="3" type="stmt"/>
          <line num="13" count="3" type="stmt"/>
          <line num="14" count="3" type="stmt"/>
          <line num="15" count="3" type="stmt"/>
          <line num="16" count="3" type="stmt"/>
          <line num="28" count="1" type="stmt"/>
          <line num="30" count="1" type="stmt"/>
        </file>
      </package>
      <package name="src.components.atoms.Label">
        <metrics statements="15" coveredstatements="15" conditionals="0" coveredconditionals="0" methods="1" coveredmethods="1"/>
        <file name="index.tsx" path="/Users/paulcowan/projects/cuttingedge/packages/component-library/src/components/atoms/Label/index.tsx">
          <metrics statements="15" coveredstatements="15" conditionals="0" coveredconditionals="0" methods="1" coveredmethods="1"/>
          <line num="1" count="2" type="stmt"/>
          <line num="2" count="2" type="stmt"/>
          <line num="4" count="2" type="stmt"/>
          <line num="17" count="2" type="stmt"/>
          <line num="18" count="6" type="stmt"/>
          <line num="19" count="6" type="stmt"/>
          <line num="20" count="6" type="stmt"/>
          <line num="21" count="6" type="stmt"/>
          <line num="22" count="6" type="stmt"/>
          <line num="23" count="6" type="stmt"/>
          <line num="24" count="6" type="stmt"/>
          <line num="25" count="6" type="stmt"/>
          <line num="26" count="6" type="stmt"/>
          <line num="28" count="6" type="stmt"/>
          <line num="42" count="2" type="stmt"/>
        </file>
      </package>
      <package name="src.components.atoms.Select">
        <metrics statements="27" coveredstatements="27" conditionals="14" coveredconditionals="13" methods="4" coveredmethods="4"/>
        <file name="index.tsx" path="/Users/paulcowan/projects/cuttingedge/packages/component-library/src/components/atoms/Select/index.tsx">
          <metrics statements="27" coveredstatements="27" conditionals="14" coveredconditionals="13" methods="4" coveredmethods="4"/>
          <line num="1" count="2" type="stmt"/>
          <line num="2" count="2" type="stmt"/>
          <line num="3" count="2" type="stmt"/>
          <line num="4" count="2" type="stmt"/>
          <line num="6" count="2" type="stmt"/>
          <line num="14" count="19" type="cond" truecount="4" falsecount="0"/>
          <line num="15" count="15" type="stmt"/>
          <line num="17" count="4" type="stmt"/>
          <line num="26" count="10" type="cond" truecount="2" falsecount="0"/>
          <line num="28" count="1" type="stmt"/>
          <line num="33" count="1" type="stmt"/>
          <line num="36" count="10" type="stmt"/>
          <line num="50" count="2" type="stmt"/>
          <line num="51" count="10" type="stmt"/>
          <line num="52" count="10" type="stmt"/>
          <line num="53" count="10" type="stmt"/>
          <line num="54" count="20" type="cond" truecount="1" falsecount="1"/>
          <line num="55" count="10" type="stmt"/>
          <line num="56" count="10" type="stmt"/>
          <line num="57" count="10" type="stmt"/>
          <line num="58" count="10" type="stmt"/>
          <line num="59" count="10" type="stmt"/>
          <line num="60" count="10" type="stmt"/>
          <line num="61" count="10" type="stmt"/>
          <line num="62" count="10" type="stmt"/>
          <line num="72" count="19" type="stmt"/>
          <line num="79" count="2" type="stmt"/>
        </file>
      </package>
      <package name="src.components.atoms.Svg">
        <metrics statements="6" coveredstatements="6" conditionals="0" coveredconditionals="0" methods="1" coveredmethods="1"/>
        <file name="Rhombus.tsx" path="/Users/paulcowan/projects/cuttingedge/packages/component-library/src/components/atoms/Svg/Rhombus.tsx">
          <metrics statements="2" coveredstatements="2" conditionals="0" coveredconditionals="0" methods="1" coveredmethods="1"/>
          <line num="1" count="1" type="stmt"/>
          <line num="7" count="1" type="stmt"/>
        </file>
        <file name="index.ts" path="/Users/paulcowan/projects/cuttingedge/packages/component-library/src/components/atoms/Svg/index.ts">
          <metrics statements="4" coveredstatements="4" conditionals="0" coveredconditionals="0" methods="0" coveredmethods="0"/>
          <line num="1" count="1" type="stmt"/>
          <line num="2" count="1" type="stmt"/>
          <line num="3" count="1" type="stmt"/>
          <line num="4" count="1" type="stmt"/>
        </file>
      </package>
      <package name="src.components.atoms.Svg.Cow">
        <metrics statements="2" coveredstatements="2" conditionals="0" coveredconditionals="0" methods="1" coveredmethods="0"/>
        <file name="index.tsx" path="/Users/paulcowan/projects/cuttingedge/packages/component-library/src/components/atoms/Svg/Cow/index.tsx">
          <metrics statements="2" coveredstatements="2" conditionals="0" coveredconditionals="0" methods="1" coveredmethods="0"/>
          <line num="1" count="1" type="stmt"/>
          <line num="9" count="1" type="stmt"/>
        </file>
      </package>
      <package name="src.components.atoms.Svg.Github">
        <metrics statements="2" coveredstatements="2" conditionals="0" coveredconditionals="0" methods="1" coveredmethods="0"/>
        <file name="index.tsx" path="/Users/paulcowan/projects/cuttingedge/packages/component-library/src/components/atoms/Svg/Github/index.tsx">
          <metrics statements="2" coveredstatements="2" conditionals="0" coveredconditionals="0" methods="1" coveredmethods="0"/>
          <line num="1" count="1" type="stmt"/>
          <line num="3" count="1" type="stmt"/>
        </file>
      </package>
      <package name="src.components.atoms.Svg.Twitter">
        <metrics statements="2" coveredstatements="2" conditionals="0" coveredconditionals="0" methods="1" coveredmethods="0"/>
        <file name="index.tsx" path="/Users/paulcowan/projects/cuttingedge/packages/component-library/src/components/atoms/Svg/Twitter/index.tsx">
          <metrics statements="2" coveredstatements="2" conditionals="0" coveredconditionals="0" methods="1" coveredmethods="0"/>
          <line num="1" count="1" type="stmt"/>
          <line num="3" count="1" type="stmt"/>
        </file>
      </package>
      <package name="src.components.hoc">
        <metrics statements="1" coveredstatements="0" conditionals="0" coveredconditionals="0" methods="0" coveredmethods="0"/>
        <file name="index.tsx" path="/Users/paulcowan/projects/cuttingedge/packages/component-library/src/components/hoc/index.tsx">
          <metrics statements="1" coveredstatements="0" conditionals="0" coveredconditionals="0" methods="0" coveredmethods="0"/>
          <line num="1" count="0" type="stmt"/>
        </file>
      </package>
      <package name="src.components.hoc.FormControl">
        <metrics statements="31" coveredstatements="31" conditionals="17" coveredconditionals="14" methods="4" coveredmethods="4"/>
        <file name="index.tsx" path="/Users/paulcowan/projects/cuttingedge/packages/component-library/src/components/hoc/FormControl/index.tsx">
          <metrics statements="31" coveredstatements="31" conditionals="17" coveredconditionals="14" methods="4" coveredmethods="4"/>
          <line num="1" count="1" type="stmt"/>
          <line num="2" count="1" type="stmt"/>
          <line num="3" count="1" type="stmt"/>
          <line num="4" count="1" type="stmt"/>
          <line num="5" count="1" type="stmt"/>
          <line num="7" count="1" type="stmt"/>
          <line num="25" count="1" type="stmt"/>
          <line num="26" count="1" type="stmt"/>
          <line num="34" count="5" type="cond" truecount="2" falsecount="0"/>
          <line num="36" count="5" type="cond" truecount="3" falsecount="0"/>
          <line num="39" count="1" type="stmt"/>
          <line num="40" count="5" type="stmt"/>
          <line num="41" count="5" type="stmt"/>
          <line num="42" count="5" type="stmt"/>
          <line num="43" count="5" type="stmt"/>
          <line num="44" count="5" type="stmt"/>
          <line num="45" count="5" type="stmt"/>
          <line num="46" count="5" type="stmt"/>
          <line num="47" count="5" type="stmt"/>
          <line num="48" count="5" type="stmt"/>
          <line num="49" count="5" type="stmt"/>
          <line num="50" count="5" type="stmt"/>
          <line num="51" count="5" type="stmt"/>
          <line num="52" count="5" type="stmt"/>
          <line num="53" count="5" type="stmt"/>
          <line num="54" count="5" type="stmt"/>
          <line num="55" count="5" type="stmt"/>
          <line num="56" count="5" type="stmt"/>
          <line num="61" count="5" type="stmt"/>
          <line num="63" count="5" type="stmt"/>
          <line num="103" count="1" type="stmt"/>
        </file>
      </package>
      <package name="src.components.molecules">
        <metrics statements="2" coveredstatements="0" conditionals="0" coveredconditionals="0" methods="0" coveredmethods="0"/>
        <file name="index.ts" path="/Users/paulcowan/projects/cuttingedge/packages/component-library/src/components/molecules/index.ts">
          <metrics statements="2" coveredstatements="0" conditionals="0" coveredconditionals="0" methods="0" coveredmethods="0"/>
          <line num="1" count="0" type="stmt"/>
          <line num="2" count="0" type="stmt"/>
        </file>
      </package>
      <package name="src.components.molecules.FormControl">
        <metrics statements="5" coveredstatements="0" conditionals="0" coveredconditionals="0" methods="0" coveredmethods="0"/>
        <file name="index.ts" path="/Users/paulcowan/projects/cuttingedge/packages/component-library/src/components/molecules/FormControl/index.ts">
          <metrics statements="5" coveredstatements="0" conditionals="0" coveredconditionals="0" methods="0" coveredmethods="0"/>
          <line num="2" count="0" type="stmt"/>
          <line num="3" count="0" type="stmt"/>
          <line num="4" count="0" type="stmt"/>
          <line num="8" count="0" type="stmt"/>
          <line num="9" count="0" type="stmt"/>
        </file>
      </package>
      <package name="src.components.molecules.modal">
        <metrics statements="12" coveredstatements="0" conditionals="3" coveredconditionals="0" methods="3" coveredmethods="0"/>
        <file name="index.tsx" path="/Users/paulcowan/projects/cuttingedge/packages/component-library/src/components/molecules/modal/index.tsx">
          <metrics statements="12" coveredstatements="0" conditionals="3" coveredconditionals="0" methods="3" coveredmethods="0"/>
          <line num="1" count="0" type="stmt"/>
          <line num="2" count="0" type="stmt"/>
          <line num="3" count="0" type="stmt"/>
          <line num="4" count="0" type="stmt"/>
          <line num="6" count="0" type="stmt"/>
          <line num="16" count="0" type="cond" truecount="0" falsecount="3"/>
          <line num="17" count="0" type="stmt"/>
          <line num="21" count="0" type="stmt"/>
          <line num="23" count="0" type="stmt"/>
          <line num="24" count="0" type="stmt"/>
          <line num="26" count="0" type="stmt"/>
          <line num="48" count="0" type="stmt"/>
        </file>
      </package>
      <package name="src.utl">
        <metrics statements="1" coveredstatements="1" conditionals="0" coveredconditionals="0" methods="0" coveredmethods="0"/>
        <file name="index.ts" path="/Users/paulcowan/projects/cuttingedge/packages/component-library/src/utl/index.ts">
          <metrics statements="1" coveredstatements="1" conditionals="0" coveredconditionals="0" methods="0" coveredmethods="0"/>
          <line num="1" count="1" type="stmt"/>
        </file>
      </package>
      <package name="src.utl.prefixer">
        <metrics statements="2" coveredstatements="2" conditionals="2" coveredconditionals="2" methods="1" coveredmethods="1"/>
        <file name="index.ts" path="/Users/paulcowan/projects/cuttingedge/packages/component-library/src/utl/prefixer/index.ts">
          <metrics statements="2" coveredstatements="2" conditionals="2" coveredconditionals="2" methods="1" coveredmethods="1"/>
          <line num="1" count="2" type="stmt"/>
          <line num="3" count="13" type="cond" truecount="2" falsecount="0"/>
        </file>
      </package>
    </metrics>
  </project>
</coverage>
