{"/Users/paulcowan/projects/cuttingedge/packages/component-library/src/index.ts": {"path":"/Users/paulcowan/projects/cuttingedge/packages/component-library/src/index.ts","statementMap":{"0":{"start":{"line":1,"column":0},"end":{"line":null,"column":-1}}},"fnMap":{},"branchMap":{},"s":{"0":0},"f":{},"b":{}}
,"/Users/paulcowan/projects/cuttingedge/packages/component-library/src/components/index.ts": {"path":"/Users/paulcowan/projects/cuttingedge/packages/component-library/src/components/index.ts","statementMap":{"0":{"start":{"line":1,"column":0},"end":{"line":null,"column":-1}},"1":{"start":{"line":2,"column":0},"end":{"line":null,"column":-1}},"2":{"start":{"line":3,"column":0},"end":{"line":null,"column":-1}}},"fnMap":{},"branchMap":{},"s":{"0":0,"1":0,"2":0},"f":{},"b":{}}
,"/Users/paulcowan/projects/cuttingedge/packages/component-library/src/components/atoms/index.ts": {"path":"/Users/paulcowan/projects/cuttingedge/packages/component-library/src/components/atoms/index.ts","statementMap":{"0":{"start":{"line":1,"column":0},"end":{"line":null,"column":-1}},"1":{"start":{"line":2,"column":0},"end":{"line":null,"column":-1}},"2":{"start":{"line":3,"column":0},"end":{"line":null,"column":-1}},"3":{"start":{"line":4,"column":0},"end":{"line":null,"column":-1}},"4":{"start":{"line":5,"column":0},"end":{"line":null,"column":-1}},"5":{"start":{"line":6,"column":0},"end":{"line":null,"column":-1}},"6":{"start":{"line":7,"column":0},"end":{"line":null,"column":-1}},"7":{"start":{"line":8,"column":0},"end":{"line":null,"column":-1}}},"fnMap":{},"branchMap":{},"s":{"0":0,"1":0,"2":0,"3":0,"4":0,"5":0,"6":0,"7":0},"f":{},"b":{}}
,"/Users/paulcowan/projects/cuttingedge/packages/component-library/src/components/atoms/Button/index.tsx": {"path":"/Users/paulcowan/projects/cuttingedge/packages/component-library/src/components/atoms/Button/index.tsx","statementMap":{"0":{"start":{"line":1,"column":0},"end":{"line":1,"column":32}},"1":{"start":{"line":2,"column":0},"end":{"line":2,"column":33}},"2":{"start":{"line":3,"column":0},"end":{"line":3,"column":30}},"3":{"start":{"line":5,"column":15},"end":{"line":5,"column":39}},"4":{"start":{"line":7,"column":0},"end":{"line":11,"column":1}},"5":{"start":{"line":8,"column":2},"end":{"line":8,"column":21}},"6":{"start":{"line":9,"column":2},"end":{"line":9,"column":25}},"7":{"start":{"line":10,"column":2},"end":{"line":10,"column":21}},"8":{"start":{"line":30,"column":13},"end":{"line":69,"column":2}},"9":{"start":{"line":31,"column":2},"end":{"line":31,"column":9}},"10":{"start":{"line":32,"column":2},"end":{"line":32,"column":11}},"11":{"start":{"line":33,"column":2},"end":{"line":33,"column":13}},"12":{"start":{"line":34,"column":2},"end":{"line":34,"column":10}},"13":{"start":{"line":35,"column":2},"end":{"line":35,"column":6}},"14":{"start":{"line":36,"column":2},"end":{"line":36,"column":10}},"15":{"start":{"line":37,"column":2},"end":{"line":37,"column":11}},"16":{"start":{"line":38,"column":2},"end":{"line":38,"column":14}},"17":{"start":{"line":39,"column":2},"end":{"line":39,"column":7}},"18":{"start":{"line":40,"column":2},"end":{"line":40,"column":9}},"19":{"start":{"line":42,"column":20},"end":{"line":42,"column":41}},"20":{"start":{"line":44,"column":18},"end":{"line":44,"column":53}},"21":{"start":{"line":45,"column":20},"end":{"line":45,"column":57}},"22":{"start":{"line":46,"column":18},"end":{"line":46,"column":53}},"23":{"start":{"line":48,"column":2},"end":{"line":50,"column":3}},"24":{"start":{"line":49,"column":4},"end":{"line":49,"column":41}},"25":{"start":{"line":52,"column":2},"end":{"line":68,"column":4}},"26":{"start":{"line":71,"column":0},"end":{"line":74,"column":2}}},"fnMap":{"0":{"name":"(anonymous_2)","decl":{"start":{"line":7,"column":0},"end":{"line":7,"column":11}},"loc":{"start":{"line":7,"column":23},"end":{"line":11,"column":1}}},"1":{"name":"(anonymous_3)","decl":{"start":{"line":30,"column":61},"end":{"line":30,"column":61}},"loc":{"start":{"line":41,"column":1},"end":{"line":69,"column":1}}}},"branchMap":{"0":{"loc":{"start":{"line":7,"column":12},"end":{"line":7,"column":23}},"type":"binary-expr","locations":[{"start":{"line":7,"column":12},"end":{"line":7,"column":23}},{"start":{"line":7,"column":12},"end":{"line":7,"column":23}}]},"1":{"loc":{"start":{"line":42,"column":20},"end":{"line":42,"column":29}},"type":"binary-expr","locations":[{"start":{"line":42,"column":20},"end":{"line":42,"column":29}},{"start":{"line":42,"column":33},"end":{"line":42,"column":41}}]},"2":{"loc":{"start":{"line":48,"column":2},"end":{"line":50,"column":3}},"type":"if","locations":[{"start":{"line":48,"column":2},"end":{"line":50,"column":3}},{"start":{"line":48,"column":2},"end":{"line":50,"column":3}}]}},"s":{"0":1,"1":1,"2":1,"3":1,"4":1,"5":1,"6":1,"7":1,"8":1,"9":3,"10":3,"11":3,"12":3,"13":3,"14":3,"15":3,"16":3,"17":3,"18":3,"19":3,"20":3,"21":3,"22":3,"23":3,"24":0,"25":3,"26":1},"f":{"0":1,"1":3},"b":{"0":[1,1],"1":[3,2],"2":[0,3]}}
,"/Users/paulcowan/projects/cuttingedge/packages/component-library/src/components/atoms/ErrorLabel/index.tsx": {"path":"/Users/paulcowan/projects/cuttingedge/packages/component-library/src/components/atoms/ErrorLabel/index.tsx","statementMap":{"0":{"start":{"line":1,"column":0},"end":{"line":1,"column":32}},"1":{"start":{"line":2,"column":0},"end":{"line":2,"column":30}},"2":{"start":{"line":4,"column":15},"end":{"line":4,"column":43}},"3":{"start":{"line":13,"column":13},"end":{"line":21,"column":2}},"4":{"start":{"line":14,"column":2},"end":{"line":14,"column":14}},"5":{"start":{"line":15,"column":2},"end":{"line":15,"column":14}},"6":{"start":{"line":16,"column":2},"end":{"line":16,"column":11}},"7":{"start":{"line":17,"column":6},"end":{"line":21,"column":1}},"8":{"start":{"line":23,"column":0},"end":{"line":25,"column":2}},"9":{"start":{"line":27,"column":13},"end":{"line":34,"column":2}},"10":{"start":{"line":28,"column":2},"end":{"line":28,"column":4}},"11":{"start":{"line":29,"column":2},"end":{"line":29,"column":10}},"12":{"start":{"line":30,"column":6},"end":{"line":34,"column":1}},"13":{"start":{"line":36,"column":0},"end":{"line":39,"column":2}}},"fnMap":{"0":{"name":"(anonymous_2)","decl":{"start":{"line":13,"column":59},"end":{"line":13,"column":59}},"loc":{"start":{"line":17,"column":1},"end":{"line":21,"column":1}}},"1":{"name":"(anonymous_3)","decl":{"start":{"line":27,"column":64},"end":{"line":27,"column":64}},"loc":{"start":{"line":30,"column":1},"end":{"line":34,"column":1}}}},"branchMap":{},"s":{"0":2,"1":2,"2":2,"3":2,"4":4,"5":4,"6":4,"7":4,"8":2,"9":2,"10":2,"11":2,"12":2,"13":2},"f":{"0":4,"1":2},"b":{}}
,"/Users/paulcowan/projects/cuttingedge/packages/component-library/src/components/atoms/ExternalLink/index.tsx": {"path":"/Users/paulcowan/projects/cuttingedge/packages/component-library/src/components/atoms/ExternalLink/index.tsx","statementMap":{"0":{"start":{"line":1,"column":0},"end":{"line":1,"column":30}},"1":{"start":{"line":7,"column":13},"end":{"line":17,"column":2}},"2":{"start":{"line":8,"column":2},"end":{"line":8,"column":11}},"3":{"start":{"line":9,"column":2},"end":{"line":9,"column":6}},"4":{"start":{"line":10,"column":2},"end":{"line":10,"column":14}},"5":{"start":{"line":11,"column":2},"end":{"line":11,"column":10}},"6":{"start":{"line":12,"column":2},"end":{"line":12,"column":9}},"7":{"start":{"line":13,"column":25},"end":{"line":17,"column":1}},"8":{"start":{"line":19,"column":0},"end":{"line":21,"column":2}}},"fnMap":{"0":{"name":"(anonymous_2)","decl":{"start":{"line":7,"column":58},"end":{"line":7,"column":58}},"loc":{"start":{"line":13,"column":20},"end":{"line":17,"column":1}}}},"branchMap":{},"s":{"0":1,"1":1,"2":1,"3":1,"4":1,"5":1,"6":1,"7":1,"8":1},"f":{"0":1},"b":{}}
,"/Users/paulcowan/projects/cuttingedge/packages/component-library/src/components/atoms/Heading/index.tsx": {"path":"/Users/paulcowan/projects/cuttingedge/packages/component-library/src/components/atoms/Heading/index.tsx","statementMap":{"0":{"start":{"line":1,"column":0},"end":{"line":1,"column":32}},"1":{"start":{"line":2,"column":0},"end":{"line":2,"column":30}},"2":{"start":{"line":10,"column":13},"end":{"line":18,"column":2}},"3":{"start":{"line":10,"column":51},"end":{"line":10,"column":56}},"4":{"start":{"line":10,"column":58},"end":{"line":10,"column":67}},"5":{"start":{"line":10,"column":69},"end":{"line":10,"column":77}},"6":{"start":{"line":10,"column":79},"end":{"line":10,"column":87}},"7":{"start":{"line":10,"column":89},"end":{"line":10,"column":96}},"8":{"start":{"line":11,"column":14},"end":{"line":11,"column":25}},"9":{"start":{"line":13,"column":2},"end":{"line":17,"column":4}},"10":{"start":{"line":20,"column":0},"end":{"line":22,"column":2}},"11":{"start":{"line":24,"column":0},"end":{"line":24,"column":32}}},"fnMap":{"0":{"name":"(anonymous_2)","decl":{"start":{"line":10,"column":48},"end":{"line":10,"column":48}},"loc":{"start":{"line":10,"column":98},"end":{"line":18,"column":1}}}},"branchMap":{},"s":{"0":1,"1":1,"2":1,"3":5,"4":5,"5":5,"6":5,"7":5,"8":5,"9":5,"10":1,"11":1},"f":{"0":5},"b":{}}
,"/Users/paulcowan/projects/cuttingedge/packages/component-library/src/components/atoms/Input/index.tsx": {"path":"/Users/paulcowan/projects/cuttingedge/packages/component-library/src/components/atoms/Input/index.tsx","statementMap":{"0":{"start":{"line":1,"column":0},"end":{"line":1,"column":32}},"1":{"start":{"line":2,"column":0},"end":{"line":2,"column":30}},"2":{"start":{"line":4,"column":15},"end":{"line":4,"column":38}},"3":{"start":{"line":11,"column":13},"end":{"line":26,"column":2}},"4":{"start":{"line":12,"column":2},"end":{"line":12,"column":9}},"5":{"start":{"line":13,"column":2},"end":{"line":13,"column":11}},"6":{"start":{"line":14,"column":2},"end":{"line":14,"column":10}},"7":{"start":{"line":15,"column":2},"end":{"line":15,"column":9}},"8":{"start":{"line":16,"column":6},"end":{"line":26,"column":1}},"9":{"start":{"line":28,"column":0},"end":{"line":28,"column":28}},"10":{"start":{"line":30,"column":0},"end":{"line":32,"column":2}}},"fnMap":{"0":{"name":"(anonymous_2)","decl":{"start":{"line":11,"column":59},"end":{"line":11,"column":59}},"loc":{"start":{"line":16,"column":1},"end":{"line":26,"column":1}}}},"branchMap":{},"s":{"0":1,"1":1,"2":1,"3":1,"4":3,"5":3,"6":3,"7":3,"8":3,"9":1,"10":1},"f":{"0":3},"b":{}}
,"/Users/paulcowan/projects/cuttingedge/packages/component-library/src/components/atoms/Label/index.tsx": {"path":"/Users/paulcowan/projects/cuttingedge/packages/component-library/src/components/atoms/Label/index.tsx","statementMap":{"0":{"start":{"line":1,"column":0},"end":{"line":1,"column":32}},"1":{"start":{"line":2,"column":0},"end":{"line":2,"column":30}},"2":{"start":{"line":4,"column":15},"end":{"line":4,"column":38}},"3":{"start":{"line":17,"column":13},"end":{"line":40,"column":11}},"4":{"start":{"line":18,"column":2},"end":{"line":18,"column":4}},"5":{"start":{"line":19,"column":2},"end":{"line":19,"column":9}},"6":{"start":{"line":20,"column":2},"end":{"line":20,"column":9}},"7":{"start":{"line":21,"column":2},"end":{"line":21,"column":10}},"8":{"start":{"line":22,"column":2},"end":{"line":22,"column":11}},"9":{"start":{"line":23,"column":2},"end":{"line":23,"column":8}},"10":{"start":{"line":24,"column":2},"end":{"line":24,"column":19}},"11":{"start":{"line":25,"column":2},"end":{"line":25,"column":10}},"12":{"start":{"line":26,"column":2},"end":{"line":26,"column":14}},"13":{"start":{"line":28,"column":2},"end":{"line":40,"column":10}},"14":{"start":{"line":42,"column":0},"end":{"line":42,"column":28}}},"fnMap":{"0":{"name":"(anonymous_0)","decl":{"start":{"line":17,"column":59},"end":{"line":17,"column":59}},"loc":{"start":{"line":27,"column":1},"end":{"line":40,"column":10}}}},"branchMap":{},"s":{"0":2,"1":2,"2":2,"3":2,"4":6,"5":6,"6":6,"7":6,"8":6,"9":6,"10":6,"11":6,"12":6,"13":6,"14":2},"f":{"0":6},"b":{}}
,"/Users/paulcowan/projects/cuttingedge/packages/component-library/src/components/atoms/Select/index.tsx": {"path":"/Users/paulcowan/projects/cuttingedge/packages/component-library/src/components/atoms/Select/index.tsx","statementMap":{"0":{"start":{"line":1,"column":0},"end":{"line":1,"column":32}},"1":{"start":{"line":2,"column":0},"end":{"line":2,"column":27}},"2":{"start":{"line":3,"column":0},"end":{"line":3,"column":30}},"3":{"start":{"line":4,"column":0},"end":{"line":4,"column":30}},"4":{"start":{"line":6,"column":15},"end":{"line":6,"column":39}},"5":{"start":{"line":14,"column":2},"end":{"line":22,"column":3}},"6":{"start":{"line":15,"column":4},"end":{"line":15,"column":65}},"7":{"start":{"line":17,"column":4},"end":{"line":21,"column":6}},"8":{"start":{"line":26,"column":2},"end":{"line":34,"column":3}},"9":{"start":{"line":28,"column":6},"end":{"line":30,"column":15}},"10":{"start":{"line":33,"column":4},"end":{"line":33,"column":42}},"11":{"start":{"line":36,"column":2},"end":{"line":36,"column":17}},"12":{"start":{"line":50,"column":13},"end":{"line":77,"column":2}},"13":{"start":{"line":51,"column":2},"end":{"line":51,"column":7}},"14":{"start":{"line":52,"column":2},"end":{"line":52,"column":14}},"15":{"start":{"line":53,"column":2},"end":{"line":53,"column":11}},"16":{"start":{"line":54,"column":2},"end":{"line":54,"column":14}},"17":{"start":{"line":55,"column":2},"end":{"line":55,"column":9}},"18":{"start":{"line":56,"column":2},"end":{"line":56,"column":10}},"19":{"start":{"line":57,"column":2},"end":{"line":57,"column":11}},"20":{"start":{"line":58,"column":2},"end":{"line":58,"column":11}},"21":{"start":{"line":59,"column":2},"end":{"line":59,"column":15}},"22":{"start":{"line":60,"column":2},"end":{"line":60,"column":8}},"23":{"start":{"line":61,"column":2},"end":{"line":61,"column":9}},"24":{"start":{"line":62,"column":6},"end":{"line":77,"column":1}},"25":{"start":{"line":72,"column":62},"end":{"line":72,"column":107}},"26":{"start":{"line":79,"column":0},"end":{"line":82,"column":2}}},"fnMap":{"0":{"name":"mapOptionsToValues","decl":{"start":{"line":8,"column":0},"end":{"line":9,"column":1}},"loc":{"start":{"line":12,"column":16},"end":{"line":23,"column":1}}},"1":{"name":"mergeOptions","decl":{"start":{"line":25,"column":0},"end":{"line":25,"column":21}},"loc":{"start":{"line":25,"column":58},"end":{"line":37,"column":1}}},"2":{"name":"(anonymous_4)","decl":{"start":{"line":50,"column":61},"end":{"line":50,"column":61}},"loc":{"start":{"line":62,"column":1},"end":{"line":77,"column":1}}},"3":{"name":"(anonymous_5)","decl":{"start":{"line":72,"column":44},"end":{"line":72,"column":44}},"loc":{"start":{"line":72,"column":57},"end":{"line":72,"column":107}}}},"branchMap":{"0":{"loc":{"start":{"line":14,"column":2},"end":{"line":22,"column":3}},"type":"if","locations":[{"start":{"line":14,"column":2},"end":{"line":22,"column":3}},{"start":{"line":14,"column":2},"end":{"line":22,"column":3}}]},"1":{"loc":{"start":{"line":14,"column":6},"end":{"line":14,"column":21}},"type":"binary-expr","locations":[{"start":{"line":14,"column":6},"end":{"line":14,"column":21}},{"start":{"line":14,"column":25},"end":{"line":14,"column":41}}]},"2":{"loc":{"start":{"line":26,"column":2},"end":{"line":34,"column":3}},"type":"if","locations":[{"start":{"line":26,"column":2},"end":{"line":34,"column":3}},{"start":{"line":26,"column":2},"end":{"line":34,"column":3}}]},"3":{"loc":{"start":{"line":54,"column":2},"end":{"line":54,"column":13}},"type":"cond-expr","locations":[{"start":{"line":54,"column":2},"end":{"line":54,"column":13}},{"start":{"line":54,"column":2},"end":{"line":54,"column":14}}]},"4":{"loc":{"start":{"line":65,"column":7},"end":{"line":65,"column":29}},"type":"binary-expr","locations":[{"start":{"line":65,"column":7},"end":{"line":65,"column":29}},{"start":{"line":66,"column":8},"end":{"line":68,"column":17}}]},"5":{"loc":{"start":{"line":70,"column":7},"end":{"line":70,"column":20}},"type":"binary-expr","locations":[{"start":{"line":70,"column":7},"end":{"line":70,"column":20}},{"start":{"line":71,"column":8},"end":{"line":74,"column":9}}]},"6":{"loc":{"start":{"line":73,"column":10},"end":{"line":73,"column":19}},"type":"binary-expr","locations":[{"start":{"line":73,"column":10},"end":{"line":73,"column":19}},{"start":{"line":73,"column":23},"end":{"line":73,"column":25}}]}},"s":{"0":2,"1":2,"2":2,"3":2,"4":2,"5":19,"6":15,"7":4,"8":10,"9":1,"10":1,"11":10,"12":2,"13":10,"14":10,"15":10,"16":20,"17":10,"18":10,"19":10,"20":10,"21":10,"22":10,"23":10,"24":10,"25":19,"26":2},"f":{"0":19,"1":10,"2":10,"3":19},"b":{"0":[15,4],"1":[19,4],"2":[1,9],"3":[0,10],"4":[10,10],"5":[10,10],"6":[10,9]}}
,"/Users/paulcowan/projects/cuttingedge/packages/component-library/src/components/atoms/Svg/Rhombus.tsx": {"path":"/Users/paulcowan/projects/cuttingedge/packages/component-library/src/components/atoms/Svg/Rhombus.tsx","statementMap":{"0":{"start":{"line":1,"column":0},"end":{"line":1,"column":30}},"1":{"start":{"line":7,"column":13},"end":{"line":11,"column":2}},"2":{"start":{"line":7,"column":51},"end":{"line":7,"column":60}},"3":{"start":{"line":7,"column":67},"end":{"line":11,"column":1}}},"fnMap":{"0":{"name":"(anonymous_0)","decl":{"start":{"line":7,"column":48},"end":{"line":7,"column":48}},"loc":{"start":{"line":7,"column":62},"end":{"line":11,"column":1}}}},"branchMap":{},"s":{"0":1,"1":1,"2":1,"3":1},"f":{"0":1},"b":{}}
,"/Users/paulcowan/projects/cuttingedge/packages/component-library/src/components/atoms/Svg/index.ts": {"path":"/Users/paulcowan/projects/cuttingedge/packages/component-library/src/components/atoms/Svg/index.ts","statementMap":{"0":{"start":{"line":1,"column":0},"end":{"line":1,"column":26}},"1":{"start":{"line":2,"column":0},"end":{"line":2,"column":22}},"2":{"start":{"line":3,"column":0},"end":{"line":3,"column":25}},"3":{"start":{"line":4,"column":0},"end":{"line":4,"column":26}}},"fnMap":{},"branchMap":{},"s":{"0":1,"1":1,"2":1,"3":1},"f":{},"b":{}}
,"/Users/paulcowan/projects/cuttingedge/packages/component-library/src/components/atoms/Svg/Cow/index.tsx": {"path":"/Users/paulcowan/projects/cuttingedge/packages/component-library/src/components/atoms/Svg/Cow/index.tsx","statementMap":{"0":{"start":{"line":1,"column":0},"end":{"line":1,"column":30}},"1":{"start":{"line":9,"column":13},"end":{"line":27,"column":2}},"2":{"start":{"line":9,"column":43},"end":{"line":9,"column":52}},"3":{"start":{"line":9,"column":59},"end":{"line":27,"column":1}}},"fnMap":{"0":{"name":"(anonymous_0)","decl":{"start":{"line":9,"column":40},"end":{"line":9,"column":40}},"loc":{"start":{"line":9,"column":54},"end":{"line":27,"column":1}}}},"branchMap":{},"s":{"0":1,"1":1,"2":0,"3":0},"f":{"0":0},"b":{}}
,"/Users/paulcowan/projects/cuttingedge/packages/component-library/src/components/atoms/Svg/Github/index.tsx": {"path":"/Users/paulcowan/projects/cuttingedge/packages/component-library/src/components/atoms/Svg/Github/index.tsx","statementMap":{"0":{"start":{"line":1,"column":0},"end":{"line":1,"column":30}},"1":{"start":{"line":3,"column":13},"end":{"line":14,"column":2}},"2":{"start":{"line":3,"column":39},"end":{"line":14,"column":1}}},"fnMap":{"0":{"name":"(anonymous_0)","decl":{"start":{"line":3,"column":33},"end":{"line":3,"column":38}},"loc":{"start":{"line":3,"column":33},"end":{"line":14,"column":1}}}},"branchMap":{},"s":{"0":1,"1":1,"2":0},"f":{"0":0},"b":{}}
,"/Users/paulcowan/projects/cuttingedge/packages/component-library/src/components/atoms/Svg/Twitter/index.tsx": {"path":"/Users/paulcowan/projects/cuttingedge/packages/component-library/src/components/atoms/Svg/Twitter/index.tsx","statementMap":{"0":{"start":{"line":1,"column":0},"end":{"line":1,"column":30}},"1":{"start":{"line":3,"column":13},"end":{"line":11,"column":2}},"2":{"start":{"line":3,"column":40},"end":{"line":11,"column":1}}},"fnMap":{"0":{"name":"(anonymous_0)","decl":{"start":{"line":3,"column":34},"end":{"line":3,"column":39}},"loc":{"start":{"line":3,"column":34},"end":{"line":11,"column":1}}}},"branchMap":{},"s":{"0":1,"1":1,"2":0},"f":{"0":0},"b":{}}
,"/Users/paulcowan/projects/cuttingedge/packages/component-library/src/components/hoc/index.tsx": {"path":"/Users/paulcowan/projects/cuttingedge/packages/component-library/src/components/hoc/index.tsx","statementMap":{"0":{"start":{"line":1,"column":0},"end":{"line":1,"column":-1}},"1":{"start":{"line":1,"column":9},"end":{"line":null,"column":-1}}},"fnMap":{},"branchMap":{},"s":{"0":0,"1":0},"f":{},"b":{}}
,"/Users/paulcowan/projects/cuttingedge/packages/component-library/src/components/hoc/FormControl/index.tsx": {"path":"/Users/paulcowan/projects/cuttingedge/packages/component-library/src/components/hoc/FormControl/index.tsx","statementMap":{"0":{"start":{"line":1,"column":0},"end":{"line":1,"column":32}},"1":{"start":{"line":2,"column":0},"end":{"line":2,"column":30}},"2":{"start":{"line":3,"column":0},"end":{"line":3,"column":46}},"3":{"start":{"line":4,"column":0},"end":{"line":4,"column":41}},"4":{"start":{"line":5,"column":0},"end":{"line":5,"column":39}},"5":{"start":{"line":7,"column":15},"end":{"line":7,"column":44}},"6":{"start":{"line":26,"column":2},"end":{"line":103,"column":4}},"7":{"start":{"line":26,"column":42},"end":{"line":26,"column":86}},"8":{"start":{"line":34,"column":6},"end":{"line":34,"column":18}},"9":{"start":{"line":36,"column":6},"end":{"line":36,"column":63}},"10":{"start":{"line":39,"column":4},"end":{"line":102,"column":5}},"11":{"start":{"line":40,"column":12},"end":{"line":57,"column":27}},"12":{"start":{"line":41,"column":8},"end":{"line":41,"column":15}},"13":{"start":{"line":42,"column":8},"end":{"line":42,"column":12}},"14":{"start":{"line":43,"column":8},"end":{"line":43,"column":13}},"15":{"start":{"line":44,"column":8},"end":{"line":44,"column":14}},"16":{"start":{"line":45,"column":8},"end":{"line":45,"column":25}},"17":{"start":{"line":46,"column":8},"end":{"line":46,"column":25}},"18":{"start":{"line":47,"column":8},"end":{"line":47,"column":20}},"19":{"start":{"line":48,"column":8},"end":{"line":48,"column":17}},"20":{"start":{"line":49,"column":8},"end":{"line":49,"column":23}},"21":{"start":{"line":50,"column":8},"end":{"line":50,"column":17}},"22":{"start":{"line":51,"column":8},"end":{"line":51,"column":16}},"23":{"start":{"line":52,"column":8},"end":{"line":52,"column":13}},"24":{"start":{"line":53,"column":8},"end":{"line":53,"column":14}},"25":{"start":{"line":54,"column":8},"end":{"line":54,"column":13}},"26":{"start":{"line":55,"column":8},"end":{"line":55,"column":14}},"27":{"start":{"line":56,"column":8},"end":{"line":57,"column":27}},"28":{"start":{"line":61,"column":25},"end":{"line":61,"column":40}},"29":{"start":{"line":63,"column":6},"end":{"line":101,"column":8}},"30":{"start":{"line":103,"column":2},"end":{"line":103,"column":3}},"31":{"start":{"line":25,"column":0},"end":{"line":104,"column":1}}},"fnMap":{"0":{"name":"FormControl","decl":{"start":{"line":25,"column":0},"end":{"line":25,"column":30}},"loc":{"start":{"line":25,"column":59},"end":{"line":104,"column":1}}},"1":{"name":"(anonymous_8)","decl":{"start":{"line":26,"column":2},"end":{"line":null,"column":-1}},"loc":{"start":{"line":26,"column":2},"end":{"line":26,"column":9}}},"2":{"name":"FormControlWrapper","decl":{"start":{"line":33,"column":4},"end":{"line":33,"column":15}},"loc":{"start":{"line":33,"column":50},"end":{"line":37,"column":5}}},"3":{"name":"(anonymous_10)","decl":{"start":{"line":39,"column":4},"end":{"line":null,"column":-1}},"loc":{"start":{"line":39,"column":4},"end":{"line":102,"column":5}}}},"branchMap":{"0":{"loc":{"start":{"line":34,"column":6},"end":{"line":34,"column":18}},"type":"binary-expr","locations":[{"start":{"line":34,"column":6},"end":{"line":34,"column":18}},{"start":{"line":34,"column":18},"end":{"line":37,"column":4}}]},"1":{"loc":{"start":{"line":36,"column":16},"end":{"line":36,"column":29}},"type":"binary-expr","locations":[{"start":{"line":36,"column":16},"end":{"line":36,"column":29}},{"start":{"line":36,"column":33},"end":{"line":36,"column":48}},{"start":{"line":36,"column":52},"end":{"line":36,"column":62}}]},"2":{"loc":{"start":{"line":65,"column":63},"end":{"line":65,"column":72}},"type":"binary-expr","locations":[{"start":{"line":65,"column":63},"end":{"line":65,"column":72}},{"start":{"line":65,"column":76},"end":{"line":65,"column":92}}]},"3":{"loc":{"start":{"line":75,"column":26},"end":{"line":75,"column":47}},"type":"binary-expr","locations":[{"start":{"line":75,"column":26},"end":{"line":75,"column":47}},{"start":{"line":75,"column":54},"end":{"line":75,"column":83}}]},"4":{"loc":{"start":{"line":78,"column":13},"end":{"line":78,"column":28}},"type":"binary-expr","locations":[{"start":{"line":78,"column":13},"end":{"line":78,"column":28}},{"start":{"line":78,"column":32},"end":{"line":78,"column":99}}]},"5":{"loc":{"start":{"line":92,"column":13},"end":{"line":92,"column":20}},"type":"binary-expr","locations":[{"start":{"line":92,"column":13},"end":{"line":92,"column":20}},{"start":{"line":93,"column":14},"end":{"line":93,"column":26}},{"start":{"line":94,"column":16},"end":{"line":97,"column":18}}]},"6":{"loc":{"start":{"line":95,"column":33},"end":{"line":95,"column":54}},"type":"binary-expr","locations":[{"start":{"line":95,"column":33},"end":{"line":95,"column":54}},{"start":{"line":95,"column":61},"end":{"line":95,"column":90}},{"start":{"line":95,"column":95},"end":{"line":95,"column":112}}]}},"s":{"0":1,"1":1,"2":1,"3":1,"4":1,"5":1,"6":1,"7":1,"8":5,"9":5,"10":1,"11":5,"12":5,"13":5,"14":5,"15":5,"16":5,"17":5,"18":5,"19":5,"20":5,"21":5,"22":5,"23":5,"24":5,"25":5,"26":5,"27":5,"28":5,"29":5,"30":1,"31":1},"f":{"0":1,"1":1,"2":5,"3":5},"b":{"0":[5,5],"1":[5,5,5],"2":[5,0],"3":[5,0],"4":[5,1],"5":[5,3,2],"6":[2,0,2]}}
,"/Users/paulcowan/projects/cuttingedge/packages/component-library/src/components/molecules/index.ts": {"path":"/Users/paulcowan/projects/cuttingedge/packages/component-library/src/components/molecules/index.ts","statementMap":{"0":{"start":{"line":1,"column":0},"end":{"line":null,"column":-1}},"1":{"start":{"line":2,"column":0},"end":{"line":null,"column":-1}}},"fnMap":{},"branchMap":{},"s":{"0":0,"1":0},"f":{},"b":{}}
,"/Users/paulcowan/projects/cuttingedge/packages/component-library/src/components/molecules/FormControl/index.ts": {"path":"/Users/paulcowan/projects/cuttingedge/packages/component-library/src/components/molecules/FormControl/index.ts","statementMap":{"0":{"start":{"line":2,"column":0},"end":{"line":2,"column":-1}},"1":{"start":{"line":3,"column":0},"end":{"line":3,"column":-1}},"2":{"start":{"line":4,"column":0},"end":{"line":4,"column":-1}},"3":{"start":{"line":8,"column":13},"end":{"line":null,"column":-1}},"4":{"start":{"line":9,"column":13},"end":{"line":null,"column":-1}}},"fnMap":{},"branchMap":{},"s":{"0":0,"1":0,"2":0,"3":0,"4":0},"f":{},"b":{}}
,"/Users/paulcowan/projects/cuttingedge/packages/component-library/src/components/molecules/modal/index.tsx": {"path":"/Users/paulcowan/projects/cuttingedge/packages/component-library/src/components/molecules/modal/index.tsx","statementMap":{"0":{"start":{"line":1,"column":0},"end":{"line":1,"column":-1}},"1":{"start":{"line":2,"column":0},"end":{"line":2,"column":-1}},"2":{"start":{"line":3,"column":0},"end":{"line":3,"column":-1}},"3":{"start":{"line":4,"column":0},"end":{"line":4,"column":-1}},"4":{"start":{"line":6,"column":15},"end":{"line":6,"column":0}},"5":{"start":{"line":16,"column":0},"end":{"line":16,"column":-1}},"6":{"start":{"line":16,"column":27},"end":{"line":null,"column":-1}},"7":{"start":{"line":21,"column":2},"end":{"line":null,"column":-1}},"8":{"start":{"line":21,"column":29},"end":{"line":21,"column":58}},"9":{"start":{"line":23,"column":2},"end":{"line":null,"column":-1}},"10":{"start":{"line":24,"column":10},"end":{"line":24,"column":9}},"11":{"start":{"line":24,"column":12},"end":{"line":24,"column":10}},"12":{"start":{"line":24,"column":25},"end":{"line":24,"column":10}},"13":{"start":{"line":24,"column":34},"end":{"line":24,"column":10}},"14":{"start":{"line":24,"column":42},"end":{"line":24,"column":10}},"15":{"start":{"line":24,"column":48},"end":{"line":24,"column":10}},"16":{"start":{"line":26,"column":4},"end":{"line":null,"column":-1}},"17":{"start":{"line":17,"column":9},"end":{"line":null,"column":-1}},"18":{"start":{"line":48,"column":0},"end":{"line":null,"column":-1}},"19":{"start":{"line":16,"column":13},"end":{"line":null,"column":-1}}},"fnMap":{"0":{"name":"(anonymous_5)","decl":{"start":{"line":16,"column":0},"end":{"line":16,"column":-1}},"loc":{"start":{"line":16,"column":0},"end":{"line":16,"column":-1}}},"1":{"name":"(anonymous_7)","decl":{"start":{"line":21,"column":15},"end":{"line":21,"column":15}},"loc":{"start":{"line":21,"column":24},"end":{"line":21,"column":2}}},"2":{"name":"(anonymous_8)","decl":{"start":{"line":23,"column":2},"end":{"line":23,"column":1}},"loc":{"start":{"line":23,"column":2},"end":{"line":23,"column":1}}}},"branchMap":{"0":{"loc":{"start":{"line":16,"column":0},"end":{"line":16,"column":-1}},"type":"binary-expr","locations":[{"start":{"line":16,"column":0},"end":{"line":16,"column":-1}},{"start":{"line":16,"column":0},"end":{"line":16,"column":-1}},{"start":{"line":16,"column":0},"end":{"line":16,"column":-1}}]}},"s":{"0":0,"1":0,"2":0,"3":0,"4":0,"5":0,"6":0,"7":0,"8":0,"9":0,"10":0,"11":0,"12":0,"13":0,"14":0,"15":0,"16":0,"17":0,"18":0,"19":0},"f":{"0":0,"1":0,"2":0},"b":{"0":[0,0,0]}}
,"/Users/paulcowan/projects/cuttingedge/packages/component-library/src/utl/index.ts": {"path":"/Users/paulcowan/projects/cuttingedge/packages/component-library/src/utl/index.ts","statementMap":{"0":{"start":{"line":1,"column":0},"end":{"line":1,"column":27}}},"fnMap":{},"branchMap":{},"s":{"0":1},"f":{},"b":{}}
,"/Users/paulcowan/projects/cuttingedge/packages/component-library/src/utl/prefixer/index.ts": {"path":"/Users/paulcowan/projects/cuttingedge/packages/component-library/src/utl/prefixer/index.ts","statementMap":{"0":{"start":{"line":1,"column":0},"end":{"line":1,"column":33}},"1":{"start":{"line":3,"column":13},"end":{"line":3,"column":78}},"2":{"start":{"line":3,"column":25},"end":{"line":3,"column":40}},"3":{"start":{"line":3,"column":53},"end":{"line":3,"column":77}}},"fnMap":{"0":{"name":"(anonymous_0)","decl":{"start":{"line":3,"column":24},"end":{"line":3,"column":24}},"loc":{"start":{"line":3,"column":40},"end":{"line":3,"column":77}}}},"branchMap":{"0":{"loc":{"start":{"line":3,"column":25},"end":{"line":3,"column":40}},"type":"if","locations":[{"start":{"line":3,"column":25},"end":{"line":3,"column":40}},{"start":{"line":3,"column":25},"end":{"line":3,"column":40}}]}},"s":{"0":2,"1":2,"2":13,"3":7},"f":{"0":7},"b":{"0":[6,1]}}
}
