TN:
SF:/Users/paulcowan/projects/cuttingedge/packages/component-library/src/index.ts
FNF:0
FNH:0
DA:1,0
LF:1
LH:0
BRF:0
BRH:0
end_of_record
TN:
SF:/Users/paulcowan/projects/cuttingedge/packages/component-library/src/components/index.ts
FNF:0
FNH:0
DA:1,0
DA:2,0
DA:3,0
LF:3
LH:0
BRF:0
BRH:0
end_of_record
TN:
SF:/Users/paulcowan/projects/cuttingedge/packages/component-library/src/components/atoms/index.ts
FNF:0
FNH:0
DA:1,0
DA:2,0
DA:3,0
DA:4,0
DA:5,0
DA:6,0
DA:7,0
DA:8,0
LF:8
LH:0
BRF:0
BRH:0
end_of_record
TN:
SF:/Users/paulcowan/projects/cuttingedge/packages/component-library/src/components/atoms/Button/index.tsx
FN:7,(anonymous_2)
FN:30,(anonymous_3)
FNF:2
FNH:2
FNDA:1,(anonymous_2)
FNDA:3,(anonymous_3)
DA:1,1
DA:2,1
DA:3,1
DA:5,1
DA:7,1
DA:8,1
DA:9,1
DA:10,1
DA:30,1
DA:31,3
DA:32,3
DA:33,3
DA:34,3
DA:35,3
DA:36,3
DA:37,3
DA:38,3
DA:39,3
DA:40,3
DA:42,3
DA:44,3
DA:45,3
DA:46,3
DA:48,3
DA:49,0
DA:52,3
DA:71,1
LF:27
LH:26
BRDA:7,0,0,1
BRDA:7,0,1,1
BRDA:42,1,0,3
BRDA:42,1,1,2
BRDA:48,2,0,0
BRDA:48,2,1,3
BRF:6
BRH:5
end_of_record
TN:
SF:/Users/paulcowan/projects/cuttingedge/packages/component-library/src/components/atoms/ErrorLabel/index.tsx
FN:13,(anonymous_2)
FN:27,(anonymous_3)
FNF:2
FNH:2
FNDA:4,(anonymous_2)
FNDA:2,(anonymous_3)
DA:1,2
DA:2,2
DA:4,2
DA:13,2
DA:14,4
DA:15,4
DA:16,4
DA:17,4
DA:23,2
DA:27,2
DA:28,2
DA:29,2
DA:30,2
DA:36,2
LF:14
LH:14
BRF:0
BRH:0
end_of_record
TN:
SF:/Users/paulcowan/projects/cuttingedge/packages/component-library/src/components/atoms/ExternalLink/index.tsx
FN:7,(anonymous_2)
FNF:1
FNH:1
FNDA:1,(anonymous_2)
DA:1,1
DA:7,1
DA:8,1
DA:9,1
DA:10,1
DA:11,1
DA:12,1
DA:13,1
DA:19,1
LF:9
LH:9
BRF:0
BRH:0
end_of_record
TN:
SF:/Users/paulcowan/projects/cuttingedge/packages/component-library/src/components/atoms/Heading/index.tsx
FN:10,(anonymous_2)
FNF:1
FNH:1
FNDA:5,(anonymous_2)
DA:1,1
DA:2,1
DA:10,5
DA:11,5
DA:13,5
DA:20,1
DA:24,1
LF:7
LH:7
BRF:0
BRH:0
end_of_record
TN:
SF:/Users/paulcowan/projects/cuttingedge/packages/component-library/src/components/atoms/Input/index.tsx
FN:11,(anonymous_2)
FNF:1
FNH:1
FNDA:3,(anonymous_2)
DA:1,1
DA:2,1
DA:4,1
DA:11,1
DA:12,3
DA:13,3
DA:14,3
DA:15,3
DA:16,3
DA:28,1
DA:30,1
LF:11
LH:11
BRF:0
BRH:0
end_of_record
TN:
SF:/Users/paulcowan/projects/cuttingedge/packages/component-library/src/components/atoms/Label/index.tsx
FN:17,(anonymous_0)
FNF:1
FNH:1
FNDA:6,(anonymous_0)
DA:1,2
DA:2,2
DA:4,2
DA:17,2
DA:18,6
DA:19,6
DA:20,6
DA:21,6
DA:22,6
DA:23,6
DA:24,6
DA:25,6
DA:26,6
DA:28,6
DA:42,2
LF:15
LH:15
BRF:0
BRH:0
end_of_record
TN:
SF:/Users/paulcowan/projects/cuttingedge/packages/component-library/src/components/atoms/Select/index.tsx
FN:8,mapOptionsToValues
FN:25,mergeOptions
FN:50,(anonymous_4)
FN:72,(anonymous_5)
FNF:4
FNH:4
FNDA:19,mapOptionsToValues
FNDA:10,mergeOptions
FNDA:10,(anonymous_4)
FNDA:19,(anonymous_5)
DA:1,2
DA:2,2
DA:3,2
DA:4,2
DA:6,2
DA:14,19
DA:15,15
DA:17,4
DA:26,10
DA:28,1
DA:33,1
DA:36,10
DA:50,2
DA:51,10
DA:52,10
DA:53,10
DA:54,20
DA:55,10
DA:56,10
DA:57,10
DA:58,10
DA:59,10
DA:60,10
DA:61,10
DA:62,10
DA:72,19
DA:79,2
LF:27
LH:27
BRDA:14,0,0,15
BRDA:14,0,1,4
BRDA:14,1,0,19
BRDA:14,1,1,4
BRDA:26,2,0,1
BRDA:26,2,1,9
BRDA:54,3,0,0
BRDA:54,3,1,10
BRDA:65,4,0,10
BRDA:65,4,1,10
BRDA:70,5,0,10
BRDA:70,5,1,10
BRDA:73,6,0,10
BRDA:73,6,1,9
BRF:14
BRH:13
end_of_record
TN:
SF:/Users/paulcowan/projects/cuttingedge/packages/component-library/src/components/atoms/Svg/Rhombus.tsx
FN:7,(anonymous_0)
FNF:1
FNH:1
FNDA:1,(anonymous_0)
DA:1,1
DA:7,1
LF:2
LH:2
BRF:0
BRH:0
end_of_record
TN:
SF:/Users/paulcowan/projects/cuttingedge/packages/component-library/src/components/atoms/Svg/index.ts
FNF:0
FNH:0
DA:1,1
DA:2,1
DA:3,1
DA:4,1
LF:4
LH:4
BRF:0
BRH:0
end_of_record
TN:
SF:/Users/paulcowan/projects/cuttingedge/packages/component-library/src/components/atoms/Svg/Cow/index.tsx
FN:9,(anonymous_0)
FNF:1
FNH:0
FNDA:0,(anonymous_0)
DA:1,1
DA:9,1
LF:2
LH:2
BRF:0
BRH:0
end_of_record
TN:
SF:/Users/paulcowan/projects/cuttingedge/packages/component-library/src/components/atoms/Svg/Github/index.tsx
FN:3,(anonymous_0)
FNF:1
FNH:0
FNDA:0,(anonymous_0)
DA:1,1
DA:3,1
LF:2
LH:2
BRF:0
BRH:0
end_of_record
TN:
SF:/Users/paulcowan/projects/cuttingedge/packages/component-library/src/components/atoms/Svg/Twitter/index.tsx
FN:3,(anonymous_0)
FNF:1
FNH:0
FNDA:0,(anonymous_0)
DA:1,1
DA:3,1
LF:2
LH:2
BRF:0
BRH:0
end_of_record
TN:
SF:/Users/paulcowan/projects/cuttingedge/packages/component-library/src/components/hoc/index.tsx
FNF:0
FNH:0
DA:1,0
LF:1
LH:0
BRF:0
BRH:0
end_of_record
TN:
SF:/Users/paulcowan/projects/cuttingedge/packages/component-library/src/components/hoc/FormControl/index.tsx
FN:25,FormControl
FN:26,(anonymous_8)
FN:33,FormControlWrapper
FN:39,(anonymous_10)
FNF:4
FNH:4
FNDA:1,FormControl
FNDA:1,(anonymous_8)
FNDA:5,FormControlWrapper
FNDA:5,(anonymous_10)
DA:1,1
DA:2,1
DA:3,1
DA:4,1
DA:5,1
DA:7,1
DA:25,1
DA:26,1
DA:34,5
DA:36,5
DA:39,1
DA:40,5
DA:41,5
DA:42,5
DA:43,5
DA:44,5
DA:45,5
DA:46,5
DA:47,5
DA:48,5
DA:49,5
DA:50,5
DA:51,5
DA:52,5
DA:53,5
DA:54,5
DA:55,5
DA:56,5
DA:61,5
DA:63,5
DA:103,1
LF:31
LH:31
BRDA:34,0,0,5
BRDA:34,0,1,5
BRDA:36,1,0,5
BRDA:36,1,1,5
BRDA:36,1,2,5
BRDA:65,2,0,5
BRDA:65,2,1,0
BRDA:75,3,0,5
BRDA:75,3,1,0
BRDA:78,4,0,5
BRDA:78,4,1,1
BRDA:92,5,0,5
BRDA:92,5,1,3
BRDA:92,5,2,2
BRDA:95,6,0,2
BRDA:95,6,1,0
BRDA:95,6,2,2
BRF:17
BRH:14
end_of_record
TN:
SF:/Users/paulcowan/projects/cuttingedge/packages/component-library/src/components/molecules/index.ts
FNF:0
FNH:0
DA:1,0
DA:2,0
LF:2
LH:0
BRF:0
BRH:0
end_of_record
TN:
SF:/Users/paulcowan/projects/cuttingedge/packages/component-library/src/components/molecules/FormControl/index.ts
FNF:0
FNH:0
DA:2,0
DA:3,0
DA:4,0
DA:8,0
DA:9,0
LF:5
LH:0
BRF:0
BRH:0
end_of_record
TN:
SF:/Users/paulcowan/projects/cuttingedge/packages/component-library/src/components/molecules/modal/index.tsx
FN:16,(anonymous_5)
FN:21,(anonymous_7)
FN:23,(anonymous_8)
FNF:3
FNH:0
FNDA:0,(anonymous_5)
FNDA:0,(anonymous_7)
FNDA:0,(anonymous_8)
DA:1,0
DA:2,0
DA:3,0
DA:4,0
DA:6,0
DA:16,0
DA:17,0
DA:21,0
DA:23,0
DA:24,0
DA:26,0
DA:48,0
LF:12
LH:0
BRDA:16,0,0,0
BRDA:16,0,1,0
BRDA:16,0,2,0
BRF:3
BRH:0
end_of_record
TN:
SF:/Users/paulcowan/projects/cuttingedge/packages/component-library/src/utl/index.ts
FNF:0
FNH:0
DA:1,1
LF:1
LH:1
BRF:0
BRH:0
end_of_record
TN:
SF:/Users/paulcowan/projects/cuttingedge/packages/component-library/src/utl/prefixer/index.ts
FN:3,(anonymous_0)
FNF:1
FNH:1
FNDA:7,(anonymous_0)
DA:1,2
DA:3,13
LF:2
LH:2
BRDA:3,0,0,6
BRDA:3,0,1,1
BRF:2
BRH:2
end_of_record
