<?xml version="1.0" encoding="UTF-8"?>
<coverage generated="1527140132536" clover="3.2.0">
  <project timestamp="1527140132536" name="All files">
    <metrics statements="54" coveredstatements="30" conditionals="28" coveredconditionals="9" methods="15" coveredmethods="5" elements="97" coveredelements="44" complexity="0" loc="54" ncloc="54" packages="2" files="2" classes="2">
      <package name="components.ScrollToTop">
        <metrics statements="36" coveredstatements="17" conditionals="20" coveredconditionals="5" methods="13" coveredmethods="4"/>
        <file name="index.js" path="/Users/paulcowan/projects/cuttingedge/packages/connected-components/dist/components/ScrollToTop/index.js">
          <metrics statements="36" coveredstatements="17" conditionals="20" coveredconditionals="5" methods="13" coveredmethods="4"/>
          <line num="2" count="1" type="cond" truecount="3" falsecount="0"/>
          <line num="3" count="1" type="cond" truecount="1" falsecount="3"/>
          <line num="4" count="0" type="stmt"/>
          <line num="5" count="0" type="cond" truecount="0" falsecount="2"/>
          <line num="6" count="1" type="stmt"/>
          <line num="7" count="1" type="stmt"/>
          <line num="8" count="1" type="stmt"/>
          <line num="9" count="1" type="cond" truecount="1" falsecount="1"/>
          <line num="12" count="1" type="stmt"/>
          <line num="13" count="1" type="stmt"/>
          <line num="14" count="1" type="stmt"/>
          <line num="15" count="1" type="stmt"/>
          <line num="16" count="1" type="stmt"/>
          <line num="18" count="0" type="cond" truecount="0" falsecount="3"/>
          <line num="19" count="0" type="stmt"/>
          <line num="20" count="0" type="stmt"/>
          <line num="21" count="0" type="stmt"/>
          <line num="22" count="0" type="stmt"/>
          <line num="25" count="0" type="stmt"/>
          <line num="26" count="0" type="stmt"/>
          <line num="27" count="0" type="cond" truecount="0" falsecount="2"/>
          <line num="29" count="0" type="stmt"/>
          <line num="31" count="1" type="stmt"/>
          <line num="32" count="0" type="stmt"/>
          <line num="33" count="0" type="stmt"/>
          <line num="35" count="1" type="stmt"/>
          <line num="36" count="0" type="cond" truecount="0" falsecount="4"/>
          <line num="37" count="0" type="stmt"/>
          <line num="39" count="0" type="stmt"/>
          <line num="40" count="0" type="stmt"/>
          <line num="41" count="0" type="stmt"/>
          <line num="43" count="1" type="stmt"/>
          <line num="44" count="0" type="stmt"/>
          <line num="46" count="1" type="stmt"/>
          <line num="48" count="1" type="stmt"/>
          <line num="49" count="1" type="stmt"/>
        </file>
      </package>
      <package name="tests">
        <metrics statements="18" coveredstatements="13" conditionals="8" coveredconditionals="4" methods="2" coveredmethods="1"/>
        <file name="index.js" path="/Users/paulcowan/projects/cuttingedge/packages/connected-components/dist/tests/index.js">
          <metrics statements="18" coveredstatements="13" conditionals="8" coveredconditionals="4" methods="2" coveredmethods="1"/>
          <line num="2" count="1" type="cond" truecount="3" falsecount="1"/>
          <line num="3" count="0" type="stmt"/>
          <line num="4" count="0" type="stmt"/>
          <line num="5" count="0" type="cond" truecount="0" falsecount="2"/>
          <line num="6" count="0" type="stmt"/>
          <line num="8" count="0" type="stmt"/>
          <line num="10" count="1" type="stmt"/>
          <line num="11" count="1" type="stmt"/>
          <line num="12" count="1" type="stmt"/>
          <line num="13" count="1" type="stmt"/>
          <line num="14" count="1" type="stmt"/>
          <line num="15" count="1" type="stmt"/>
          <line num="16" count="1" type="stmt"/>
          <line num="17" count="1" type="stmt"/>
          <line num="18" count="2" type="cond" truecount="1" falsecount="1"/>
          <line num="19" count="2" type="stmt"/>
          <line num="22" count="2" type="stmt"/>
          <line num="23" count="2" type="stmt"/>
        </file>
      </package>
    </metrics>
  </project>
</coverage>
