{"/Users/paulcowan/projects/cuttingedge/packages/connected-components/dist/components/ScrollToTop/index.js": {"path":"/Users/paulcowan/projects/cuttingedge/packages/connected-components/dist/components/ScrollToTop/index.js","statementMap":{"0":{"start":{"line":2,"column":16},"end":{"line":11,"column":4}},"1":{"start":{"line":3,"column":24},"end":{"line":5,"column":82}},"2":{"start":{"line":4,"column":65},"end":{"line":4,"column":81}},"3":{"start":{"line":5,"column":26},"end":{"line":5,"column":80}},"4":{"start":{"line":5,"column":43},"end":{"line":5,"column":80}},"5":{"start":{"line":5,"column":68},"end":{"line":5,"column":80}},"6":{"start":{"line":6,"column":4},"end":{"line":10,"column":6}},"7":{"start":{"line":7,"column":8},"end":{"line":7,"column":28}},"8":{"start":{"line":8,"column":24},"end":{"line":8,"column":45}},"9":{"start":{"line":9,"column":8},"end":{"line":9,"column":93}},"10":{"start":{"line":12,"column":0},"end":{"line":12,"column":62}},"11":{"start":{"line":13,"column":12},"end":{"line":13,"column":28}},"12":{"start":{"line":14,"column":25},"end":{"line":14,"column":52}},"13":{"start":{"line":15,"column":23},"end":{"line":47,"column":18}},"14":{"start":{"line":16,"column":4},"end":{"line":16,"column":39}},"15":{"start":{"line":18,"column":20},"end":{"line":18,"column":76}},"16":{"start":{"line":19,"column":8},"end":{"line":24,"column":10}},"17":{"start":{"line":20,"column":23},"end":{"line":20,"column":54}},"18":{"start":{"line":21,"column":12},"end":{"line":23,"column":20}},"19":{"start":{"line":22,"column":16},"end":{"line":22,"column":29}},"20":{"start":{"line":25,"column":8},"end":{"line":28,"column":10}},"21":{"start":{"line":26,"column":21},"end":{"line":26,"column":32}},"22":{"start":{"line":26,"column":45},"end":{"line":26,"column":56}},"23":{"start":{"line":26,"column":74},"end":{"line":26,"column":90}},"24":{"start":{"line":27,"column":12},"end":{"line":27,"column":62}},"25":{"start":{"line":29,"column":8},"end":{"line":29,"column":21}},"26":{"start":{"line":31,"column":4},"end":{"line":34,"column":6}},"27":{"start":{"line":32,"column":8},"end":{"line":32,"column":28}},"28":{"start":{"line":33,"column":8},"end":{"line":33,"column":30}},"29":{"start":{"line":35,"column":4},"end":{"line":42,"column":6}},"30":{"start":{"line":36,"column":8},"end":{"line":38,"column":9}},"31":{"start":{"line":37,"column":12},"end":{"line":37,"column":19}},"32":{"start":{"line":39,"column":8},"end":{"line":39,"column":28}},"33":{"start":{"line":40,"column":8},"end":{"line":40,"column":30}},"34":{"start":{"line":41,"column":8},"end":{"line":41,"column":30}},"35":{"start":{"line":43,"column":4},"end":{"line":45,"column":6}},"36":{"start":{"line":44,"column":8},"end":{"line":44,"column":78}},"37":{"start":{"line":46,"column":4},"end":{"line":46,"column":27}},"38":{"start":{"line":48,"column":0},"end":{"line":48,"column":42}},"39":{"start":{"line":49,"column":0},"end":{"line":49,"column":65}}},"fnMap":{"0":{"name":"(anonymous_0)","decl":{"start":{"line":2,"column":45},"end":{"line":2,"column":46}},"loc":{"start":{"line":2,"column":57},"end":{"line":11,"column":1}},"line":2},"1":{"name":"(anonymous_1)","decl":{"start":{"line":4,"column":47},"end":{"line":4,"column":48}},"loc":{"start":{"line":4,"column":63},"end":{"line":4,"column":83}},"line":4},"2":{"name":"(anonymous_2)","decl":{"start":{"line":5,"column":8},"end":{"line":5,"column":9}},"loc":{"start":{"line":5,"column":24},"end":{"line":5,"column":82}},"line":5},"3":{"name":"(anonymous_3)","decl":{"start":{"line":6,"column":11},"end":{"line":6,"column":12}},"loc":{"start":{"line":6,"column":27},"end":{"line":10,"column":5}},"line":6},"4":{"name":"__","decl":{"start":{"line":8,"column":17},"end":{"line":8,"column":19}},"loc":{"start":{"line":8,"column":22},"end":{"line":8,"column":47}},"line":8},"5":{"name":"(anonymous_5)","decl":{"start":{"line":15,"column":23},"end":{"line":15,"column":24}},"loc":{"start":{"line":15,"column":41},"end":{"line":47,"column":1}},"line":15},"6":{"name":"ScrollToTopView","decl":{"start":{"line":17,"column":13},"end":{"line":17,"column":28}},"loc":{"start":{"line":17,"column":31},"end":{"line":30,"column":5}},"line":17},"7":{"name":"(anonymous_7)","decl":{"start":{"line":19,"column":31},"end":{"line":19,"column":32}},"loc":{"start":{"line":19,"column":43},"end":{"line":24,"column":9}},"line":19},"8":{"name":"(anonymous_8)","decl":{"start":{"line":21,"column":23},"end":{"line":21,"column":24}},"loc":{"start":{"line":21,"column":35},"end":{"line":23,"column":13}},"line":21},"9":{"name":"(anonymous_9)","decl":{"start":{"line":25,"column":29},"end":{"line":25,"column":30}},"loc":{"start":{"line":25,"column":41},"end":{"line":28,"column":9}},"line":25},"10":{"name":"(anonymous_10)","decl":{"start":{"line":31,"column":50},"end":{"line":31,"column":51}},"loc":{"start":{"line":31,"column":62},"end":{"line":34,"column":5}},"line":31},"11":{"name":"(anonymous_11)","decl":{"start":{"line":35,"column":51},"end":{"line":35,"column":52}},"loc":{"start":{"line":35,"column":72},"end":{"line":42,"column":5}},"line":35},"12":{"name":"(anonymous_12)","decl":{"start":{"line":43,"column":39},"end":{"line":43,"column":40}},"loc":{"start":{"line":43,"column":51},"end":{"line":45,"column":5}},"line":43}},"branchMap":{"0":{"loc":{"start":{"line":2,"column":16},"end":{"line":11,"column":4}},"type":"binary-expr","locations":[{"start":{"line":2,"column":17},"end":{"line":2,"column":21}},{"start":{"line":2,"column":25},"end":{"line":2,"column":39}},{"start":{"line":2,"column":44},"end":{"line":11,"column":4}}],"line":2},"1":{"loc":{"start":{"line":3,"column":24},"end":{"line":5,"column":82}},"type":"binary-expr","locations":[{"start":{"line":3,"column":24},"end":{"line":3,"column":45}},{"start":{"line":4,"column":9},"end":{"line":4,"column":43}},{"start":{"line":4,"column":47},"end":{"line":4,"column":83}},{"start":{"line":5,"column":8},"end":{"line":5,"column":82}}],"line":3},"2":{"loc":{"start":{"line":5,"column":43},"end":{"line":5,"column":80}},"type":"if","locations":[{"start":{"line":5,"column":43},"end":{"line":5,"column":80}},{"start":{"line":5,"column":43},"end":{"line":5,"column":80}}],"line":5},"3":{"loc":{"start":{"line":9,"column":22},"end":{"line":9,"column":92}},"type":"cond-expr","locations":[{"start":{"line":9,"column":35},"end":{"line":9,"column":51}},{"start":{"line":9,"column":55},"end":{"line":9,"column":91}}],"line":9},"4":{"loc":{"start":{"line":18,"column":20},"end":{"line":18,"column":76}},"type":"binary-expr","locations":[{"start":{"line":18,"column":20},"end":{"line":18,"column":35}},{"start":{"line":18,"column":39},"end":{"line":18,"column":68}},{"start":{"line":18,"column":72},"end":{"line":18,"column":76}}],"line":18},"5":{"loc":{"start":{"line":27,"column":12},"end":{"line":27,"column":61}},"type":"binary-expr","locations":[{"start":{"line":27,"column":12},"end":{"line":27,"column":25}},{"start":{"line":27,"column":29},"end":{"line":27,"column":61}}],"line":27},"6":{"loc":{"start":{"line":36,"column":8},"end":{"line":38,"column":9}},"type":"if","locations":[{"start":{"line":36,"column":8},"end":{"line":38,"column":9}},{"start":{"line":36,"column":8},"end":{"line":38,"column":9}}],"line":36},"7":{"loc":{"start":{"line":36,"column":12},"end":{"line":36,"column":89}},"type":"binary-expr","locations":[{"start":{"line":36,"column":12},"end":{"line":36,"column":43}},{"start":{"line":36,"column":47},"end":{"line":36,"column":89}}],"line":36}},"s":{"0":1,"1":1,"2":0,"3":0,"4":0,"5":0,"6":1,"7":1,"8":1,"9":1,"10":1,"11":1,"12":1,"13":1,"14":1,"15":0,"16":0,"17":0,"18":0,"19":0,"20":0,"21":0,"22":0,"23":0,"24":0,"25":0,"26":1,"27":0,"28":0,"29":1,"30":0,"31":0,"32":0,"33":0,"34":0,"35":1,"36":0,"37":1,"38":1,"39":1},"f":{"0":1,"1":0,"2":0,"3":1,"4":1,"5":1,"6":0,"7":0,"8":0,"9":0,"10":0,"11":0,"12":0},"b":{"0":[1,1,1],"1":[1,0,0,0],"2":[0,0],"3":[0,1],"4":[0,0,0],"5":[0,0],"6":[0,0],"7":[0,0]},"_coverageSchema":"332fd63041d2c1bcb487cc26dd0d5f7d97098a6c","hash":"b35068cc47935f15c30a7c140ccea9ed362d9fd2"}
,"/Users/paulcowan/projects/cuttingedge/packages/connected-components/dist/tests/index.js": {"path":"/Users/paulcowan/projects/cuttingedge/packages/connected-components/dist/tests/index.js","statementMap":{"0":{"start":{"line":2,"column":15},"end":{"line":9,"column":1}},"1":{"start":{"line":3,"column":4},"end":{"line":7,"column":5}},"2":{"start":{"line":4,"column":8},"end":{"line":4,"column":25}},"3":{"start":{"line":5,"column":8},"end":{"line":6,"column":24}},"4":{"start":{"line":5,"column":25},"end":{"line":6,"column":24}},"5":{"start":{"line":6,"column":12},"end":{"line":6,"column":24}},"6":{"start":{"line":8,"column":4},"end":{"line":8,"column":13}},"7":{"start":{"line":10,"column":0},"end":{"line":10,"column":62}},"8":{"start":{"line":11,"column":15},"end":{"line":11,"column":32}},"9":{"start":{"line":12,"column":12},"end":{"line":12,"column":28}},"10":{"start":{"line":13,"column":20},"end":{"line":13,"column":42}},"11":{"start":{"line":14,"column":27},"end":{"line":14,"column":56}},"12":{"start":{"line":15,"column":14},"end":{"line":15,"column":30}},"13":{"start":{"line":16,"column":27},"end":{"line":16,"column":56}},"14":{"start":{"line":17,"column":0},"end":{"line":28,"column":2}},"15":{"start":{"line":18,"column":4},"end":{"line":18,"column":41}},"16":{"start":{"line":18,"column":28},"end":{"line":18,"column":39}},"17":{"start":{"line":19,"column":19},"end":{"line":21,"column":6}},"18":{"start":{"line":22,"column":16},"end":{"line":22,"column":122}},"19":{"start":{"line":23,"column":4},"end":{"line":27,"column":26}}},"fnMap":{"0":{"name":"(anonymous_0)","decl":{"start":{"line":2,"column":59},"end":{"line":2,"column":60}},"loc":{"start":{"line":2,"column":71},"end":{"line":9,"column":1}},"line":2},"1":{"name":"(anonymous_1)","decl":{"start":{"line":17,"column":15},"end":{"line":17,"column":16}},"loc":{"start":{"line":17,"column":47},"end":{"line":28,"column":1}},"line":17}},"branchMap":{"0":{"loc":{"start":{"line":2,"column":15},"end":{"line":9,"column":1}},"type":"binary-expr","locations":[{"start":{"line":2,"column":16},"end":{"line":2,"column":20}},{"start":{"line":2,"column":24},"end":{"line":2,"column":37}},{"start":{"line":2,"column":42},"end":{"line":2,"column":55}},{"start":{"line":2,"column":59},"end":{"line":9,"column":1}}],"line":2},"1":{"loc":{"start":{"line":5,"column":25},"end":{"line":6,"column":24}},"type":"if","locations":[{"start":{"line":5,"column":25},"end":{"line":6,"column":24}},{"start":{"line":5,"column":25},"end":{"line":6,"column":24}}],"line":5},"2":{"loc":{"start":{"line":18,"column":4},"end":{"line":18,"column":41}},"type":"if","locations":[{"start":{"line":18,"column":4},"end":{"line":18,"column":41}},{"start":{"line":18,"column":4},"end":{"line":18,"column":41}}],"line":18}},"s":{"0":1,"1":0,"2":0,"3":0,"4":0,"5":0,"6":0,"7":1,"8":1,"9":1,"10":1,"11":1,"12":1,"13":1,"14":1,"15":2,"16":0,"17":2,"18":2,"19":2},"f":{"0":0,"1":2},"b":{"0":[1,1,1,0],"1":[0,0],"2":[0,2]},"_coverageSchema":"332fd63041d2c1bcb487cc26dd0d5f7d97098a6c","hash":"75c001da99bc4f0a47d4f31a30633c09ff6f0c04"}
}
